Log file open, 04/18/19 09:06:50
LogWindows: Failed to load 'aqProf.dll' (GetLastError=126)
LogWindows: File 'aqProf.dll' does not exist
LogWindows: Failed to load 'VtuneApi.dll' (GetLastError=126)
LogWindows: File 'VtuneApi.dll' does not exist
LogWindows: Failed to load 'VtuneApi32e.dll' (GetLastError=126)
LogWindows: File 'VtuneApi32e.dll' does not exist
LogConsoleResponse: Display: Failed to find resolution value strings in scalability ini. Falling back to default.
LogInit: Display: Running engine for game: DogDaysOfFall
LogPakFile: Registered encryption key '00000000000000000000000000000000': 0 pak files mounted, 0 remain pending
LogPlatformFile: Not using cached read wrapper
LogTaskGraph: Started task graph with 5 named threads and 23 total threads with 3 sets of task threads.
LogStats: Stats thread started at 0.307209
LogD3D11RHI: Loaded GFSDK_Aftermath_Lib.x64.dll
LogICUInternationalization: ICU TimeZone Detection - Raw Offset: -5:00, Platform Override: ''
LogPluginManager: Mounting plugin Paper2D
LogPluginManager: Mounting plugin AISupport
LogPluginManager: Mounting plugin LightPropagationVolume
LogPluginManager: Mounting plugin ActorLayerUtilities
LogPluginManager: Mounting plugin CLionSourceCodeAccess
LogPluginManager: Mounting plugin CodeLiteSourceCodeAccess
LogPluginManager: Mounting plugin GitSourceControl
LogPluginManager: Mounting plugin KDevelopSourceCodeAccess
LogPluginManager: Mounting plugin NullSourceCodeAccess
LogPluginManager: Mounting plugin PerforceSourceControl
LogPluginManager: Mounting plugin SubversionSourceControl
LogPluginManager: Mounting plugin UObjectPlugin
LogPluginManager: Mounting plugin VisualStudioCodeSourceCodeAccess
LogPluginManager: Mounting plugin VisualStudioSourceCodeAccess
LogPluginManager: Mounting plugin XCodeSourceCodeAccess
LogPluginManager: Mounting plugin AssetManagerEditor
LogPluginManager: Mounting plugin CryptoKeys
LogPluginManager: Mounting plugin DataValidation
LogPluginManager: Mounting plugin FacialAnimation
LogPluginManager: Mounting plugin GameplayTagsEditor
LogPluginManager: Mounting plugin MacGraphicsSwitching
LogPluginManager: Mounting plugin MeshEditor
LogPluginManager: Mounting plugin MobileLauncherProfileWizard
LogPluginManager: Mounting plugin PluginBrowser
LogPluginManager: Mounting plugin SpeedTreeImporter
LogPluginManager: Mounting plugin DatasmithContent
LogPluginManager: Mounting plugin VariantManagerContent
LogPluginManager: Mounting plugin AlembicImporter
LogPluginManager: Mounting plugin AppleImageUtils
LogPluginManager: Mounting plugin AppleVision
LogPluginManager: Mounting plugin BackChannel
LogPluginManager: Mounting plugin CharacterAI
LogPluginManager: Mounting plugin GeometryCache
LogPluginManager: Mounting plugin HTML5Networking
LogPluginManager: Mounting plugin ProxyLODPlugin
LogPluginManager: Mounting plugin MagicLeap
LogPluginManager: Mounting plugin MagicLeapMedia
LogPluginManager: Mounting plugin AndroidMedia
LogPluginManager: Mounting plugin AvfMedia
LogPluginManager: Mounting plugin ImgMedia
LogPluginManager: Mounting plugin LinearTimecode
LogPluginManager: Mounting plugin MediaCompositing
LogPluginManager: Mounting plugin MediaPlayerEditor
LogPluginManager: Mounting plugin WebMMedia
LogPluginManager: Mounting plugin WmfMedia
LogPluginManager: Mounting plugin TcpMessaging
LogPluginManager: Mounting plugin UdpMessaging
LogPluginManager: Mounting plugin ActorSequence
LogPluginManager: Mounting plugin LevelSequenceEditor
LogPluginManager: Mounting plugin MatineeToLevelSequence
LogPluginManager: Mounting plugin NetcodeUnitTest
LogPluginManager: Mounting plugin NUTUnrealEngine4
LogPluginManager: Mounting plugin OnlineSubsystemGooglePlay
LogPluginManager: Mounting plugin OnlineSubsystemIOS
LogPluginManager: Mounting plugin OnlineSubsystem
LogPluginManager: Mounting plugin OnlineSubsystemNull
LogPluginManager: Mounting plugin OnlineSubsystemUtils
LogPluginManager: Mounting plugin LauncherChunkInstaller
LogPluginManager: Mounting plugin AndroidDeviceProfileSelector
LogPluginManager: Mounting plugin AndroidMoviePlayer
LogPluginManager: Mounting plugin AndroidPermission
LogPluginManager: Mounting plugin AppleMoviePlayer
LogPluginManager: Mounting plugin ArchVisCharacter
LogPluginManager: Mounting plugin AudioCapture
LogPluginManager: Mounting plugin CableComponent
LogPluginManager: Mounting plugin CustomMeshComponent
LogPluginManager: Mounting plugin EditableMesh
LogPluginManager: Mounting plugin ExampleDeviceProfileSelector
LogPluginManager: Mounting plugin Firebase
LogPluginManager: Mounting plugin GoogleCloudMessaging
LogPluginManager: Mounting plugin IOSDeviceProfileSelector
LogPluginManager: Mounting plugin LinuxDeviceProfileSelector
LogPluginManager: Mounting plugin LocationServicesBPLibrary
LogPluginManager: Mounting plugin MobilePatchingUtils
LogPluginManager: Mounting plugin OculusVR
LogPluginManager: Mounting plugin PhysXVehicles
LogPluginManager: Mounting plugin ProceduralMeshComponent
LogPluginManager: Mounting plugin RuntimePhysXCooking
LogPluginManager: Mounting plugin SteamVR
LogPluginManager: Mounting plugin WebMMoviePlayer
LogPluginManager: Mounting plugin WindowsMoviePlayer
LogStreaming: Display: Took  0.154s to configure plugins.
LogInit: Using libcurl 7.55.1-DEV
LogInit:  - built for x86_64-pc-win32
LogInit:  - supports SSL with OpenSSL/1.0.2h
LogInit:  - supports HTTP deflate (compression) using libz 1.2.8
LogInit:  - other features:
LogInit:      CURL_VERSION_SSL
LogInit:      CURL_VERSION_LIBZ
LogInit:      CURL_VERSION_IPV6
LogInit:      CURL_VERSION_ASYNCHDNS
LogInit:      CURL_VERSION_LARGEFILE
LogInit:      CURL_VERSION_IDN
LogInit:  CurlRequestOptions (configurable via config and command line):
LogInit:  - bVerifyPeer = true  - Libcurl will verify peer certificate
LogInit:  - bUseHttpProxy = false  - Libcurl will NOT use HTTP proxy
LogInit:  - bDontReuseConnections = false  - Libcurl will reuse connections
LogInit:  - MaxHostConnections = 16  - Libcurl will limit the number of connections to a host
LogInit:  - LocalHostAddr = Default
LogInit:  - BufferSize = 65536
LogInit: WinSock: version 1.1 (2.2), MaxSocks=32767, MaxUdp=65467
LogInit: Build: ++UE4+Release-4.21-CL-4753647
LogInit: Engine Version: 4.21.2-4753647+++UE4+Release-4.21
LogInit: Compatible Engine Version: 4.21.0-4541578+++UE4+Release-4.21
LogInit: Net CL: 4541578
LogInit: OS: Windows 10 (), CPU: Intel(R) Core(TM) i7-7700HQ CPU @ 2.80GHz, GPU: Intel(R) HD Graphics 630
LogInit: Compiled (64-bit): Jan 19 2019 02:07:31
LogInit: Compiled with Visual C++: 19.13.26129.00
LogInit: Build Configuration: Development
LogInit: Branch Name: ++UE4+Release-4.21
LogInit: Command Line: 
LogInit: Base Directory: C:/Program Files/Epic Games/UE_4.21/Engine/Binaries/Win64/
LogInit: Installed Engine Build: 1
LogDevObjectVersion: Number of dev versions registered: 22
LogDevObjectVersion:   Dev-Blueprints (B0D832E4-1F89-4F0D-ACCF-7EB736FD4AA2): 10
LogDevObjectVersion:   Dev-Build (E1C64328-A22C-4D53-A36C-8E866417BD8C): 0
LogDevObjectVersion:   Dev-Core (375EC13C-06E4-48FB-B500-84F0262A717E): 2
LogDevObjectVersion:   Dev-Editor (E4B068ED-F494-42E9-A231-DA0B2E46BB41): 26
LogDevObjectVersion:   Dev-Framework (CFFC743F-43B0-4480-9391-14DF171D2073): 34
LogDevObjectVersion:   Dev-Mobile (B02B49B5-BB20-44E9-A304-32B752E40360): 2
LogDevObjectVersion:   Dev-Networking (A4E4105C-59A1-49B5-A7C5-40C4547EDFEE): 0
LogDevObjectVersion:   Dev-Online (39C831C9-5AE6-47DC-9A44-9C173E1C8E7C): 0
LogDevObjectVersion:   Dev-Physics (78F01B33-EBEA-4F98-B9B4-84EACCB95AA2): 0
LogDevObjectVersion:   Dev-Platform (6631380F-2D4D-43E0-8009-CF276956A95A): 0
LogDevObjectVersion:   Dev-Rendering (12F88B9F-8875-4AFC-A67C-D90C383ABD29): 27
LogDevObjectVersion:   Dev-Sequencer (7B5AE74C-D270-4C10-A958-57980B212A5A): 9
LogDevObjectVersion:   Dev-VR (D7296918-1DD6-4BDD-9DE2-64A83CC13884): 2
LogDevObjectVersion:   Dev-LoadTimes (C2A15278-BFE7-4AFE-6C17-90FF531DF755): 1
LogDevObjectVersion:   Private-Geometry (6EACA3D4-40EC-4CC1-B786-8BED09428FC5): 3
LogDevObjectVersion:   Dev-AnimPhys (29E575DD-E0A3-4627-9D10-D276232CDCEA): 17
LogDevObjectVersion:   Dev-Anim (AF43A65D-7FD3-4947-9873-3E8ED9C1BB05): 2
LogDevObjectVersion:   Dev-ReflectionCapture (6B266CEC-1EC7-4B8F-A30B-E4D90942FC07): 1
LogDevObjectVersion:   Dev-Automation (0DF73D61-A23F-47EA-B727-89E90C41499A): 1
LogDevObjectVersion:   FortniteMain (601D1886-AC64-4F84-AA16-D3DE0DEAC7D6): 17
LogDevObjectVersion:   Dev-Enterprise (9DFFBCD6-494F-0158-E221-12823C92A888): 4
LogDevObjectVersion:   Dev-Niagara (F2AED0AC-9AFE-416F-8664-AA7FFA26D6FC): 1
LogStreaming: Display: Took  0.005s to delete old logs.
LogInit: Presizing for max 8388607 objects, including 0 objects not considered by GC, pre-allocating 0 bytes for permanent pool.
LogInit: Object subsystem initialized
LogConfig: Setting CVar [[con.DebugEarlyDefault:1]]
LogConfig: Setting CVar [[r.setres:1280x720]]
[2019.04.18-13.06.51:084][  0]LogConfig: Setting CVar [[r.VSync:0]]
[2019.04.18-13.06.51:085][  0]LogConfig: Setting CVar [[r.RHICmdBypass:0]]
[2019.04.18-13.06.51:085][  0]LogConfig: Applying CVar settings from Section [/Script/Engine.RendererSettings] File [C:/Users/17794/Desktop/DogDaysOfFall_New/DogDaysOfFall/Saved/Config/Windows/Engine.ini]
[2019.04.18-13.06.51:085][  0]LogConfig: Setting CVar [[r.GPUCrashDebugging:0]]
[2019.04.18-13.06.51:085][  0]LogConfig: Setting CVar [[r.DefaultFeature.AutoExposure:0]]
[2019.04.18-13.06.51:085][  0]LogConfig: Applying CVar settings from Section [/Script/Engine.RendererOverrideSettings] File [C:/Users/17794/Desktop/DogDaysOfFall_New/DogDaysOfFall/Saved/Config/Windows/Engine.ini]
[2019.04.18-13.06.51:085][  0]LogConfig: Applying CVar settings from Section [/Script/Engine.StreamingSettings] File [C:/Users/17794/Desktop/DogDaysOfFall_New/DogDaysOfFall/Saved/Config/Windows/Engine.ini]
[2019.04.18-13.06.51:085][  0]LogConfig: Setting CVar [[s.MinBulkDataSizeForAsyncLoading:131072]]
[2019.04.18-13.06.51:085][  0]LogConfig: Setting CVar [[s.AsyncLoadingThreadEnabled:0]]
[2019.04.18-13.06.51:085][  0]LogConfig: Setting CVar [[s.EventDrivenLoaderEnabled:1]]
[2019.04.18-13.06.51:085][  0]LogConfig: Setting CVar [[s.WarnIfTimeLimitExceeded:0]]
[2019.04.18-13.06.51:085][  0]LogConfig: Setting CVar [[s.TimeLimitExceededMultiplier:1.5]]
[2019.04.18-13.06.51:085][  0]LogConfig: Setting CVar [[s.TimeLimitExceededMinTime:0.005]]
[2019.04.18-13.06.51:085][  0]LogConfig: Setting CVar [[s.UseBackgroundLevelStreaming:1]]
[2019.04.18-13.06.51:085][  0]LogConfig: Setting CVar [[s.PriorityAsyncLoadingExtraTime:15.0]]
[2019.04.18-13.06.51:085][  0]LogConfig: Setting CVar [[s.LevelStreamingActorsUpdateTimeLimit:5.0]]
[2019.04.18-13.06.51:085][  0]LogConfig: Setting CVar [[s.PriorityLevelStreamingActorsUpdateExtraTime:5.0]]
[2019.04.18-13.06.51:085][  0]LogConfig: Setting CVar [[s.LevelStreamingComponentsRegistrationGranularity:10]]
[2019.04.18-13.06.51:085][  0]LogConfig: Setting CVar [[s.UnregisterComponentsTimeLimit:1.0]]
[2019.04.18-13.06.51:085][  0]LogConfig: Setting CVar [[s.LevelStreamingComponentsUnregistrationGranularity:5]]
[2019.04.18-13.06.51:085][  0]LogConfig: Applying CVar settings from Section [/Script/Engine.GarbageCollectionSettings] File [C:/Users/17794/Desktop/DogDaysOfFall_New/DogDaysOfFall/Saved/Config/Windows/Engine.ini]
[2019.04.18-13.06.51:085][  0]LogConfig: Setting CVar [[gc.MaxObjectsNotConsideredByGC:1]]
[2019.04.18-13.06.51:085][  0]LogConfig: Setting CVar [[gc.SizeOfPermanentObjectPool:0]]
[2019.04.18-13.06.51:085][  0]LogConfig: Setting CVar [[gc.FlushStreamingOnGC:0]]
[2019.04.18-13.06.51:085][  0]LogConfig: Setting CVar [[gc.NumRetriesBeforeForcingGC:10]]
[2019.04.18-13.06.51:085][  0]LogConfig: Setting CVar [[gc.AllowParallelGC:1]]
[2019.04.18-13.06.51:085][  0]LogConfig: Setting CVar [[gc.TimeBetweenPurgingPendingKillObjects:61.1]]
[2019.04.18-13.06.51:085][  0]LogConfig: Setting CVar [[gc.MaxObjectsInEditor:8388607]]
[2019.04.18-13.06.51:085][  0]LogConfig: Setting CVar [[gc.IncrementalBeginDestroyEnabled:1]]
[2019.04.18-13.06.51:085][  0]LogConfig: Setting CVar [[gc.CreateGCClusters:1]]
[2019.04.18-13.06.51:085][  0]LogConfig: Setting CVar [[gc.MergeGCClusters:0]]
[2019.04.18-13.06.51:085][  0]LogConfig: Setting CVar [[gc.MinGCClusterSize:5]]
[2019.04.18-13.06.51:085][  0]LogConfig: Setting CVar [[gc.ActorClusteringEnabled:0]]
[2019.04.18-13.06.51:085][  0]LogConfig: Setting CVar [[gc.BlueprintClusteringEnabled:0]]
[2019.04.18-13.06.51:085][  0]LogConfig: Setting CVar [[gc.UseDisregardForGCOnDedicatedServers:0]]
[2019.04.18-13.06.51:085][  0]LogConfig: Applying CVar settings from Section [/Script/Engine.NetworkSettings] File [C:/Users/17794/Desktop/DogDaysOfFall_New/DogDaysOfFall/Saved/Config/Windows/Engine.ini]
[2019.04.18-13.06.51:085][  0]LogConfig: Applying CVar settings from Section [/Script/UnrealEd.CookerSettings] File [C:/Users/17794/Desktop/DogDaysOfFall_New/DogDaysOfFall/Saved/Config/Windows/Engine.ini]
[2019.04.18-13.06.51:088][  0]LogConfig: Applying CVar settings from Section [ViewDistanceQuality@3] File [C:/Users/17794/Desktop/DogDaysOfFall_New/DogDaysOfFall/Saved/Config/Windows/Scalability.ini]
[2019.04.18-13.06.51:088][  0]LogConfig: Setting CVar [[r.SkeletalMeshLODBias:0]]
[2019.04.18-13.06.51:088][  0]LogConfig: Setting CVar [[r.ViewDistanceScale:1.0]]
[2019.04.18-13.06.51:088][  0]LogConfig: Applying CVar settings from Section [AntiAliasingQuality@3] File [C:/Users/17794/Desktop/DogDaysOfFall_New/DogDaysOfFall/Saved/Config/Windows/Scalability.ini]
[2019.04.18-13.06.51:088][  0]LogConfig: Setting CVar [[r.PostProcessAAQuality:4]]
[2019.04.18-13.06.51:088][  0]LogConfig: Applying CVar settings from Section [ShadowQuality@3] File [C:/Users/17794/Desktop/DogDaysOfFall_New/DogDaysOfFall/Saved/Config/Windows/Scalability.ini]
[2019.04.18-13.06.51:088][  0]LogConfig: Setting CVar [[r.LightFunctionQuality:1]]
[2019.04.18-13.06.51:088][  0]LogConfig: Setting CVar [[r.ShadowQuality:5]]
[2019.04.18-13.06.51:088][  0]LogConfig: Setting CVar [[r.Shadow.CSM.MaxCascades:10]]
[2019.04.18-13.06.51:088][  0]LogConfig: Setting CVar [[r.Shadow.MaxResolution:2048]]
[2019.04.18-13.06.51:088][  0]LogConfig: Setting CVar [[r.Shadow.MaxCSMResolution:2048]]
[2019.04.18-13.06.51:088][  0]LogConfig: Setting CVar [[r.Shadow.RadiusThreshold:0.01]]
[2019.04.18-13.06.51:088][  0]LogConfig: Setting CVar [[r.Shadow.DistanceScale:1.0]]
[2019.04.18-13.06.51:088][  0]LogConfig: Setting CVar [[r.Shadow.CSM.TransitionScale:1.0]]
[2019.04.18-13.06.51:088][  0]LogConfig: Setting CVar [[r.Shadow.PreShadowResolutionFactor:1.0]]
[2019.04.18-13.06.51:088][  0]LogConfig: Setting CVar [[r.DistanceFieldShadowing:1]]
[2019.04.18-13.06.51:088][  0]LogConfig: Setting CVar [[r.DistanceFieldAO:1]]
[2019.04.18-13.06.51:088][  0]LogConfig: Setting CVar [[r.AOQuality:2]]
[2019.04.18-13.06.51:088][  0]LogConfig: Setting CVar [[r.VolumetricFog:1]]
[2019.04.18-13.06.51:088][  0]LogConfig: Setting CVar [[r.VolumetricFog.GridPixelSize:8]]
[2019.04.18-13.06.51:088][  0]LogConfig: Setting CVar [[r.VolumetricFog.GridSizeZ:128]]
[2019.04.18-13.06.51:088][  0]LogConfig: Setting CVar [[r.VolumetricFog.HistoryMissSupersampleCount:4]]
[2019.04.18-13.06.51:089][  0]LogConfig: Setting CVar [[r.LightMaxDrawDistanceScale:1]]
[2019.04.18-13.06.51:089][  0]LogConfig: Setting CVar [[r.CapsuleShadows:1]]
[2019.04.18-13.06.51:089][  0]LogConfig: Applying CVar settings from Section [PostProcessQuality@3] File [C:/Users/17794/Desktop/DogDaysOfFall_New/DogDaysOfFall/Saved/Config/Windows/Scalability.ini]
[2019.04.18-13.06.51:089][  0]LogConfig: Setting CVar [[r.MotionBlurQuality:4]]
[2019.04.18-13.06.51:089][  0]LogConfig: Setting CVar [[r.AmbientOcclusionMipLevelFactor:0.4]]
[2019.04.18-13.06.51:089][  0]LogConfig: Setting CVar [[r.AmbientOcclusionMaxQuality:100]]
[2019.04.18-13.06.51:089][  0]LogConfig: Setting CVar [[r.AmbientOcclusionLevels:-1]]
[2019.04.18-13.06.51:089][  0]LogConfig: Setting CVar [[r.AmbientOcclusionRadiusScale:1.0]]
[2019.04.18-13.06.51:089][  0]LogConfig: Setting CVar [[r.DepthOfFieldQuality:2]]
[2019.04.18-13.06.51:089][  0]LogConfig: Setting CVar [[r.RenderTargetPoolMin:400]]
[2019.04.18-13.06.51:089][  0]LogConfig: Setting CVar [[r.LensFlareQuality:2]]
[2019.04.18-13.06.51:089][  0]LogConfig: Setting CVar [[r.SceneColorFringeQuality:1]]
[2019.04.18-13.06.51:089][  0]LogConfig: Setting CVar [[r.EyeAdaptationQuality:2]]
[2019.04.18-13.06.51:089][  0]LogConfig: Setting CVar [[r.BloomQuality:5]]
[2019.04.18-13.06.51:089][  0]LogConfig: Setting CVar [[r.FastBlurThreshold:100]]
[2019.04.18-13.06.51:089][  0]LogConfig: Setting CVar [[r.Upscale.Quality:3]]
[2019.04.18-13.06.51:089][  0]LogConfig: Setting CVar [[r.Tonemapper.GrainQuantization:1]]
[2019.04.18-13.06.51:089][  0]LogConfig: Setting CVar [[r.LightShaftQuality:1]]
[2019.04.18-13.06.51:089][  0]LogConfig: Setting CVar [[r.Filter.SizeScale:1]]
[2019.04.18-13.06.51:089][  0]LogConfig: Setting CVar [[r.Tonemapper.Quality:5]]
[2019.04.18-13.06.51:089][  0]LogConfig: Setting CVar [[r.DOF.Gather.AccumulatorQuality:1        ; higher gathering accumulator quality]]
[2019.04.18-13.06.51:089][  0]LogConfig: Setting CVar [[r.DOF.Gather.PostfilterMethod:1          ; Median3x3 postfilering method]]
[2019.04.18-13.06.51:089][  0]LogConfig: Setting CVar [[r.DOF.Gather.EnableBokehSettings:0       ; no bokeh simulation when gathering]]
[2019.04.18-13.06.51:089][  0]LogConfig: Setting CVar [[r.DOF.Gather.RingCount:4                 ; medium number of samples when gathering]]
[2019.04.18-13.06.51:089][  0]LogConfig: Setting CVar [[r.DOF.Scatter.ForegroundCompositing:1    ; additive foreground scattering]]
[2019.04.18-13.06.51:089][  0]LogConfig: Setting CVar [[r.DOF.Scatter.BackgroundCompositing:2    ; additive background scattering]]
[2019.04.18-13.06.51:089][  0]LogConfig: Setting CVar [[r.DOF.Scatter.EnableBokehSettings:1      ; bokeh simulation when scattering]]
[2019.04.18-13.06.51:089][  0]LogConfig: Setting CVar [[r.DOF.Scatter.MaxSpriteRatio:0.1         ; only a maximum of 10% of scattered bokeh]]
[2019.04.18-13.06.51:089][  0]LogConfig: Setting CVar [[r.DOF.Recombine.Quality:1                ; cheap slight out of focus]]
[2019.04.18-13.06.51:089][  0]LogConfig: Setting CVar [[r.DOF.Recombine.EnableBokehSettings:0    ; no bokeh simulation on slight out of focus]]
[2019.04.18-13.06.51:089][  0]LogConfig: Setting CVar [[r.DOF.TemporalAAQuality:1                ; more stable temporal accumulation]]
[2019.04.18-13.06.51:089][  0]LogConfig: Setting CVar [[r.DOF.Kernel.MaxForegroundRadius:0.025]]
[2019.04.18-13.06.51:089][  0]LogConfig: Setting CVar [[r.DOF.Kernel.MaxBackgroundRadius:0.025]]
[2019.04.18-13.06.51:089][  0]LogConfig: Applying CVar settings from Section [TextureQuality@3] File [C:/Users/17794/Desktop/DogDaysOfFall_New/DogDaysOfFall/Saved/Config/Windows/Scalability.ini]
[2019.04.18-13.06.51:089][  0]LogConfig: Setting CVar [[r.Streaming.MipBias:0]]
[2019.04.18-13.06.51:089][  0]LogConfig: Setting CVar [[r.Streaming.AmortizeCPUToGPUCopy:0]]
[2019.04.18-13.06.51:090][  0]LogConfig: Setting CVar [[r.Streaming.MaxNumTexturesToStreamPerFrame:0]]
[2019.04.18-13.06.51:090][  0]LogConfig: Setting CVar [[r.Streaming.Boost:1]]
[2019.04.18-13.06.51:090][  0]LogConfig: Setting CVar [[r.MaxAnisotropy:8]]
[2019.04.18-13.06.51:090][  0]LogConfig: Setting CVar [[r.Streaming.LimitPoolSizeToVRAM:0]]
[2019.04.18-13.06.51:090][  0]LogConfig: Setting CVar [[r.Streaming.PoolSize:1000]]
[2019.04.18-13.06.51:090][  0]LogConfig: Setting CVar [[r.Streaming.MaxEffectiveScreenSize:0]]
[2019.04.18-13.06.51:090][  0]LogConfig: Applying CVar settings from Section [EffectsQuality@3] File [C:/Users/17794/Desktop/DogDaysOfFall_New/DogDaysOfFall/Saved/Config/Windows/Scalability.ini]
[2019.04.18-13.06.51:090][  0]LogConfig: Setting CVar [[r.TranslucencyLightingVolumeDim:64]]
[2019.04.18-13.06.51:090][  0]LogConfig: Setting CVar [[r.RefractionQuality:2]]
[2019.04.18-13.06.51:090][  0]LogConfig: Setting CVar [[r.SSR.Quality:3]]
[2019.04.18-13.06.51:090][  0]LogConfig: Setting CVar [[r.SceneColorFormat:4]]
[2019.04.18-13.06.51:090][  0]LogConfig: Setting CVar [[r.DetailMode:2]]
[2019.04.18-13.06.51:090][  0]LogConfig: Setting CVar [[r.TranslucencyVolumeBlur:1]]
[2019.04.18-13.06.51:090][  0]LogConfig: Setting CVar [[r.MaterialQualityLevel:1 ; High quality]]
[2019.04.18-13.06.51:090][  0]LogConfig: Setting CVar [[r.SSS.Scale:1]]
[2019.04.18-13.06.51:090][  0]LogConfig: Setting CVar [[r.SSS.SampleSet:2]]
[2019.04.18-13.06.51:090][  0]LogConfig: Setting CVar [[r.SSS.Quality:1]]
[2019.04.18-13.06.51:090][  0]LogConfig: Setting CVar [[r.SSS.HalfRes:1]]
[2019.04.18-13.06.51:090][  0]LogConfig: Setting CVar [[r.EmitterSpawnRateScale:1.0]]
[2019.04.18-13.06.51:090][  0]LogConfig: Setting CVar [[r.ParticleLightQuality:2]]
[2019.04.18-13.06.51:090][  0]LogConfig: Applying CVar settings from Section [FoliageQuality@3] File [C:/Users/17794/Desktop/DogDaysOfFall_New/DogDaysOfFall/Saved/Config/Windows/Scalability.ini]
[2019.04.18-13.06.51:090][  0]LogConfig: Setting CVar [[foliage.DensityScale:1.0]]
[2019.04.18-13.06.51:090][  0]LogConfig: Setting CVar [[grass.DensityScale:1.0]]
[2019.04.18-13.06.51:090][  0]LogInit: Selected Device Profile: [Windows]
[2019.04.18-13.06.51:090][  0]LogInit: Applying CVar settings loaded from the selected device profile: [Windows]
[2019.04.18-13.06.51:111][  0]LogHAL: Display: Platform has ~ 16 GB [17053204480 / 17179869184 / 16], which maps to Larger [LargestMinGB=32, LargerMinGB=12, DefaultMinGB=8, SmallerMinGB=6, SmallestMinGB=0)
[2019.04.18-13.06.51:111][  0]LogConfig: Setting CVar [[r.Vulkan.UseRealUBs:1]]
[2019.04.18-13.06.51:111][  0]LogInit: Going up to parent DeviceProfile []
[2019.04.18-13.06.51:111][  0]LogConfig: Applying CVar settings from Section [ViewDistanceQuality@3] File [C:/Users/17794/Desktop/DogDaysOfFall_New/DogDaysOfFall/Saved/Config/Windows/Scalability.ini]
[2019.04.18-13.06.51:111][  0]LogConfig: Setting CVar [[r.SkeletalMeshLODBias:0]]
[2019.04.18-13.06.51:111][  0]LogConfig: Setting CVar [[r.ViewDistanceScale:1.0]]
[2019.04.18-13.06.51:111][  0]LogConfig: Applying CVar settings from Section [AntiAliasingQuality@3] File [C:/Users/17794/Desktop/DogDaysOfFall_New/DogDaysOfFall/Saved/Config/Windows/Scalability.ini]
[2019.04.18-13.06.51:111][  0]LogConfig: Setting CVar [[r.PostProcessAAQuality:4]]
[2019.04.18-13.06.51:111][  0]LogConfig: Applying CVar settings from Section [ShadowQuality@3] File [C:/Users/17794/Desktop/DogDaysOfFall_New/DogDaysOfFall/Saved/Config/Windows/Scalability.ini]
[2019.04.18-13.06.51:111][  0]LogConfig: Setting CVar [[r.LightFunctionQuality:1]]
[2019.04.18-13.06.51:111][  0]LogConfig: Setting CVar [[r.ShadowQuality:5]]
[2019.04.18-13.06.51:111][  0]LogConfig: Setting CVar [[r.Shadow.CSM.MaxCascades:10]]
[2019.04.18-13.06.51:111][  0]LogConfig: Setting CVar [[r.Shadow.MaxResolution:2048]]
[2019.04.18-13.06.51:111][  0]LogConfig: Setting CVar [[r.Shadow.MaxCSMResolution:2048]]
[2019.04.18-13.06.51:111][  0]LogConfig: Setting CVar [[r.Shadow.RadiusThreshold:0.01]]
[2019.04.18-13.06.51:111][  0]LogConfig: Setting CVar [[r.Shadow.DistanceScale:1.0]]
[2019.04.18-13.06.51:111][  0]LogConfig: Setting CVar [[r.Shadow.CSM.TransitionScale:1.0]]
[2019.04.18-13.06.51:111][  0]LogConfig: Setting CVar [[r.Shadow.PreShadowResolutionFactor:1.0]]
[2019.04.18-13.06.51:111][  0]LogConfig: Setting CVar [[r.DistanceFieldShadowing:1]]
[2019.04.18-13.06.51:111][  0]LogConfig: Setting CVar [[r.DistanceFieldAO:1]]
[2019.04.18-13.06.51:111][  0]LogConfig: Setting CVar [[r.AOQuality:2]]
[2019.04.18-13.06.51:111][  0]LogConfig: Setting CVar [[r.VolumetricFog:1]]
[2019.04.18-13.06.51:111][  0]LogConfig: Setting CVar [[r.VolumetricFog.GridPixelSize:8]]
[2019.04.18-13.06.51:111][  0]LogConfig: Setting CVar [[r.VolumetricFog.GridSizeZ:128]]
[2019.04.18-13.06.51:111][  0]LogConfig: Setting CVar [[r.VolumetricFog.HistoryMissSupersampleCount:4]]
[2019.04.18-13.06.51:111][  0]LogConfig: Setting CVar [[r.LightMaxDrawDistanceScale:1]]
[2019.04.18-13.06.51:111][  0]LogConfig: Setting CVar [[r.CapsuleShadows:1]]
[2019.04.18-13.06.51:111][  0]LogConfig: Applying CVar settings from Section [PostProcessQuality@3] File [C:/Users/17794/Desktop/DogDaysOfFall_New/DogDaysOfFall/Saved/Config/Windows/Scalability.ini]
[2019.04.18-13.06.51:111][  0]LogConfig: Setting CVar [[r.MotionBlurQuality:4]]
[2019.04.18-13.06.51:111][  0]LogConfig: Setting CVar [[r.AmbientOcclusionMipLevelFactor:0.4]]
[2019.04.18-13.06.51:111][  0]LogConfig: Setting CVar [[r.AmbientOcclusionMaxQuality:100]]
[2019.04.18-13.06.51:111][  0]LogConfig: Setting CVar [[r.AmbientOcclusionLevels:-1]]
[2019.04.18-13.06.51:111][  0]LogConfig: Setting CVar [[r.AmbientOcclusionRadiusScale:1.0]]
[2019.04.18-13.06.51:111][  0]LogConfig: Setting CVar [[r.DepthOfFieldQuality:2]]
[2019.04.18-13.06.51:111][  0]LogConfig: Setting CVar [[r.RenderTargetPoolMin:400]]
[2019.04.18-13.06.51:112][  0]LogConfig: Setting CVar [[r.LensFlareQuality:2]]
[2019.04.18-13.06.51:112][  0]LogConfig: Setting CVar [[r.SceneColorFringeQuality:1]]
[2019.04.18-13.06.51:112][  0]LogConfig: Setting CVar [[r.EyeAdaptationQuality:2]]
[2019.04.18-13.06.51:112][  0]LogConfig: Setting CVar [[r.BloomQuality:5]]
[2019.04.18-13.06.51:112][  0]LogConfig: Setting CVar [[r.FastBlurThreshold:100]]
[2019.04.18-13.06.51:112][  0]LogConfig: Setting CVar [[r.Upscale.Quality:3]]
[2019.04.18-13.06.51:112][  0]LogConfig: Setting CVar [[r.Tonemapper.GrainQuantization:1]]
[2019.04.18-13.06.51:112][  0]LogConfig: Setting CVar [[r.LightShaftQuality:1]]
[2019.04.18-13.06.51:112][  0]LogConfig: Setting CVar [[r.Filter.SizeScale:1]]
[2019.04.18-13.06.51:112][  0]LogConfig: Setting CVar [[r.Tonemapper.Quality:5]]
[2019.04.18-13.06.51:112][  0]LogConfig: Setting CVar [[r.DOF.Gather.AccumulatorQuality:1        ; higher gathering accumulator quality]]
[2019.04.18-13.06.51:112][  0]LogConfig: Setting CVar [[r.DOF.Gather.PostfilterMethod:1          ; Median3x3 postfilering method]]
[2019.04.18-13.06.51:112][  0]LogConfig: Setting CVar [[r.DOF.Gather.EnableBokehSettings:0       ; no bokeh simulation when gathering]]
[2019.04.18-13.06.51:112][  0]LogConfig: Setting CVar [[r.DOF.Gather.RingCount:4                 ; medium number of samples when gathering]]
[2019.04.18-13.06.51:112][  0]LogConfig: Setting CVar [[r.DOF.Scatter.ForegroundCompositing:1    ; additive foreground scattering]]
[2019.04.18-13.06.51:112][  0]LogConfig: Setting CVar [[r.DOF.Scatter.BackgroundCompositing:2    ; additive background scattering]]
[2019.04.18-13.06.51:112][  0]LogConfig: Setting CVar [[r.DOF.Scatter.EnableBokehSettings:1      ; bokeh simulation when scattering]]
[2019.04.18-13.06.51:112][  0]LogConfig: Setting CVar [[r.DOF.Scatter.MaxSpriteRatio:0.1         ; only a maximum of 10% of scattered bokeh]]
[2019.04.18-13.06.51:112][  0]LogConfig: Setting CVar [[r.DOF.Recombine.Quality:1                ; cheap slight out of focus]]
[2019.04.18-13.06.51:112][  0]LogConfig: Setting CVar [[r.DOF.Recombine.EnableBokehSettings:0    ; no bokeh simulation on slight out of focus]]
[2019.04.18-13.06.51:112][  0]LogConfig: Setting CVar [[r.DOF.TemporalAAQuality:1                ; more stable temporal accumulation]]
[2019.04.18-13.06.51:112][  0]LogConfig: Setting CVar [[r.DOF.Kernel.MaxForegroundRadius:0.025]]
[2019.04.18-13.06.51:112][  0]LogConfig: Setting CVar [[r.DOF.Kernel.MaxBackgroundRadius:0.025]]
[2019.04.18-13.06.51:112][  0]LogConfig: Applying CVar settings from Section [TextureQuality@3] File [C:/Users/17794/Desktop/DogDaysOfFall_New/DogDaysOfFall/Saved/Config/Windows/Scalability.ini]
[2019.04.18-13.06.51:112][  0]LogConfig: Setting CVar [[r.Streaming.MipBias:0]]
[2019.04.18-13.06.51:112][  0]LogConfig: Setting CVar [[r.Streaming.AmortizeCPUToGPUCopy:0]]
[2019.04.18-13.06.51:112][  0]LogConfig: Setting CVar [[r.Streaming.MaxNumTexturesToStreamPerFrame:0]]
[2019.04.18-13.06.51:112][  0]LogConfig: Setting CVar [[r.Streaming.Boost:1]]
[2019.04.18-13.06.51:112][  0]LogConfig: Setting CVar [[r.MaxAnisotropy:8]]
[2019.04.18-13.06.51:112][  0]LogConfig: Setting CVar [[r.Streaming.LimitPoolSizeToVRAM:0]]
[2019.04.18-13.06.51:112][  0]LogConfig: Setting CVar [[r.Streaming.PoolSize:1000]]
[2019.04.18-13.06.51:112][  0]LogConfig: Setting CVar [[r.Streaming.MaxEffectiveScreenSize:0]]
[2019.04.18-13.06.51:112][  0]LogConfig: Applying CVar settings from Section [EffectsQuality@3] File [C:/Users/17794/Desktop/DogDaysOfFall_New/DogDaysOfFall/Saved/Config/Windows/Scalability.ini]
[2019.04.18-13.06.51:112][  0]LogConfig: Setting CVar [[r.TranslucencyLightingVolumeDim:64]]
[2019.04.18-13.06.51:112][  0]LogConfig: Setting CVar [[r.RefractionQuality:2]]
[2019.04.18-13.06.51:112][  0]LogConfig: Setting CVar [[r.SSR.Quality:3]]
[2019.04.18-13.06.51:112][  0]LogConfig: Setting CVar [[r.SceneColorFormat:4]]
[2019.04.18-13.06.51:112][  0]LogConfig: Setting CVar [[r.DetailMode:2]]
[2019.04.18-13.06.51:112][  0]LogConfig: Setting CVar [[r.TranslucencyVolumeBlur:1]]
[2019.04.18-13.06.51:112][  0]LogConfig: Setting CVar [[r.MaterialQualityLevel:1 ; High quality]]
[2019.04.18-13.06.51:112][  0]LogConfig: Setting CVar [[r.SSS.Scale:1]]
[2019.04.18-13.06.51:113][  0]LogConfig: Setting CVar [[r.SSS.SampleSet:2]]
[2019.04.18-13.06.51:113][  0]LogConfig: Setting CVar [[r.SSS.Quality:1]]
[2019.04.18-13.06.51:113][  0]LogConfig: Setting CVar [[r.SSS.HalfRes:1]]
[2019.04.18-13.06.51:113][  0]LogConfig: Setting CVar [[r.EmitterSpawnRateScale:1.0]]
[2019.04.18-13.06.51:113][  0]LogConfig: Setting CVar [[r.ParticleLightQuality:2]]
[2019.04.18-13.06.51:113][  0]LogConfig: Applying CVar settings from Section [FoliageQuality@3] File [C:/Users/17794/Desktop/DogDaysOfFall_New/DogDaysOfFall/Saved/Config/Windows/Scalability.ini]
[2019.04.18-13.06.51:113][  0]LogConfig: Setting CVar [[foliage.DensityScale:1.0]]
[2019.04.18-13.06.51:113][  0]LogConfig: Setting CVar [[grass.DensityScale:1.0]]
[2019.04.18-13.06.51:113][  0]LogConfig: Applying CVar settings from Section [Startup] File [../../../Engine/Config/ConsoleVariables.ini]
[2019.04.18-13.06.51:113][  0]LogConfig: Setting CVar [[net.UseAdaptiveNetUpdateFrequency:0]]
[2019.04.18-13.06.51:113][  0]LogConfig: Applying CVar settings from Section [ConsoleVariables] File [C:/Users/17794/Desktop/DogDaysOfFall_New/DogDaysOfFall/Saved/Config/Windows/Engine.ini]
[2019.04.18-13.06.51:113][  0]LogInit: Computer: DESKTOP-CC382ON
[2019.04.18-13.06.51:113][  0]LogInit: User: 17794
[2019.04.18-13.06.51:113][  0]LogInit: CPU Page size=4096, Cores=4
[2019.04.18-13.06.51:113][  0]LogInit: High frequency timer resolution =10.000000 MHz
[2019.04.18-13.06.51:114][  0]LogMemory: Memory total: Physical=15.9GB (16GB approx)
[2019.04.18-13.06.51:114][  0]LogMemory: Platform Memory Stats for Windows
[2019.04.18-13.06.51:114][  0]LogMemory: Process Physical Memory: 103.25 MB used, 103.25 MB peak
[2019.04.18-13.06.51:114][  0]LogMemory: Process Virtual Memory: 93.83 MB used, 93.83 MB peak
[2019.04.18-13.06.51:114][  0]LogMemory: Physical Memory: 7566.22 MB used,  8696.98 MB free, 16263.20 MB total
[2019.04.18-13.06.51:114][  0]LogMemory: Virtual Memory: 4652.39 MB used,  134213072.00 MB free, 134217728.00 MB total
[2019.04.18-13.06.51:138][  0]LogInit: Using OS detected language (en-US).
[2019.04.18-13.06.51:138][  0]LogInit: Using OS detected locale (en-US).
[2019.04.18-13.06.51:139][  0]LogTextLocalizationManager: No specific localization for 'en-US' exists, so the 'en' localization will be used.
[2019.04.18-13.06.51:664][  0]LogStreaming: Display: Took  0.527s to InitEngineTextLocalization.
[2019.04.18-13.06.51:664][  0]LogInit: Setting process to per monitor DPI aware
[2019.04.18-13.06.51:710][  0]LogSlate: New Slate User Created.  User Index 0, Is Virtual User: 0
[2019.04.18-13.06.51:711][  0]LogSlate: Slate User Registered.  User Index 0, Is Virtual User: 0
[2019.04.18-13.06.52:100][  0]LogHMD: Failed to initialize OpenVR with code 110
[2019.04.18-13.06.52:100][  0]LogD3D11RHI: D3D11 adapters:
[2019.04.18-13.06.52:210][  0]LogD3D11RHI:    0. 'NVIDIA Quadro P5000' (Feature Level 11_0)
[2019.04.18-13.06.52:210][  0]LogD3D11RHI:       16250/0/8131 MB DedicatedVideo/DedicatedSystem/SharedSystem, Outputs:1, VendorId:0x10de
[2019.04.18-13.06.52:271][  0]LogD3D11RHI:    1. 'Intel(R) HD Graphics 630' (Feature Level 11_0)
[2019.04.18-13.06.52:271][  0]LogD3D11RHI:       128/0/8131 MB DedicatedVideo/DedicatedSystem/SharedSystem, Outputs:0, VendorId:0x8086
[2019.04.18-13.06.52:275][  0]LogD3D11RHI:    2. 'Microsoft Basic Render Driver' (Feature Level 11_0)
[2019.04.18-13.06.52:275][  0]LogD3D11RHI:       0/0/8131 MB DedicatedVideo/DedicatedSystem/SharedSystem, Outputs:0, VendorId:0x1414
[2019.04.18-13.06.52:275][  0]LogD3D11RHI: Chosen D3D11 Adapter: 0
[2019.04.18-13.06.52:647][  0]LogD3D11RHI: Creating new Direct3DDevice
[2019.04.18-13.06.52:648][  0]LogD3D11RHI:     GPU DeviceId: 0x1bb6 (for the marketing name, search the web for "GPU Device Id")
[2019.04.18-13.06.52:648][  0]LogWindows: EnumDisplayDevices:
[2019.04.18-13.06.52:648][  0]LogWindows:    0. 'Intel(R) HD Graphics 630' (P:1 D:1)
[2019.04.18-13.06.52:648][  0]LogWindows:    1. 'Intel(R) HD Graphics 630' (P:0 D:0)
[2019.04.18-13.06.52:649][  0]LogWindows:    2. 'Intel(R) HD Graphics 630' (P:0 D:0)
[2019.04.18-13.06.52:649][  0]LogWindows:    3. 'NVIDIA Quadro P5000' (P:0 D:0)
[2019.04.18-13.06.52:649][  0]LogWindows:    4. 'NVIDIA Quadro P5000' (P:0 D:0)
[2019.04.18-13.06.52:650][  0]LogWindows:    5. 'NVIDIA Quadro P5000' (P:0 D:0)
[2019.04.18-13.06.52:650][  0]LogWindows:    6. 'NVIDIA Quadro P5000' (P:0 D:0)
[2019.04.18-13.06.52:650][  0]LogWindows: DebugString: PrimaryIsNotTheChoosenAdapter PrimaryIsNotTheChoosenAdapter PrimaryIsNotTheChoosenAdapter FoundDriverCount:4 
[2019.04.18-13.06.52:650][  0]LogD3D11RHI:     Adapter Name: NVIDIA Quadro P5000
[2019.04.18-13.06.52:650][  0]LogD3D11RHI:   Driver Version: 385.73 (internal:22.21.13.8573, unified:385.73)
[2019.04.18-13.06.52:650][  0]LogD3D11RHI:      Driver Date: 9-25-2017
[2019.04.18-13.06.52:650][  0]LogRHI: Texture pool is 11375 MB (70% of 16250 MB)
[2019.04.18-13.06.52:704][  0]LogD3D11RHI: Async texture creation enabled
[2019.04.18-13.06.52:724][  0]LogD3D11RHI: GPU Timing Frequency: 1000.000000 (Debug: 2 1)
[2019.04.18-13.06.53:306][  0]LogTemp: Display: Loaded TP AllDesktopTargetPlatform
[2019.04.18-13.06.53:331][  0]LogTemp: Display: Loaded TP MacClientTargetPlatform
[2019.04.18-13.06.53:352][  0]LogTemp: Display: Loaded TP MacNoEditorTargetPlatform
[2019.04.18-13.06.53:378][  0]LogTemp: Display: Loaded TP MacServerTargetPlatform
[2019.04.18-13.06.53:404][  0]LogTemp: Display: Loaded TP MacTargetPlatform
[2019.04.18-13.06.53:433][  0]LogTemp: Display: Loaded TP WindowsClientTargetPlatform
[2019.04.18-13.06.53:455][  0]LogTemp: Display: Loaded TP WindowsNoEditorTargetPlatform
[2019.04.18-13.06.53:480][  0]LogTemp: Display: Loaded TP WindowsServerTargetPlatform
[2019.04.18-13.06.53:490][  0]LogTemp: Display: Loaded TP WindowsTargetPlatform
[2019.04.18-13.06.53:612][  0]LogTemp: Display: Loaded TP AndroidTargetPlatform
[2019.04.18-13.06.53:612][  0]LogTemp: Display: Loaded TP AndroidTargetPlatform
[2019.04.18-13.06.53:612][  0]LogTemp: Display: Loaded TP AndroidTargetPlatform
[2019.04.18-13.06.53:612][  0]LogTemp: Display: Loaded TP AndroidTargetPlatform
[2019.04.18-13.06.53:612][  0]LogTemp: Display: Loaded TP AndroidTargetPlatform
[2019.04.18-13.06.53:612][  0]LogTemp: Display: Loaded TP AndroidTargetPlatform
[2019.04.18-13.06.53:612][  0]LogTemp: Display: Loaded TP AndroidTargetPlatform
[2019.04.18-13.06.53:612][  0]LogTemp: Display: Loaded TP AndroidTargetPlatform
[2019.04.18-13.06.53:612][  0]LogTemp: Display: Loaded TP AndroidTargetPlatform
[2019.04.18-13.06.53:612][  0]LogTemp: Display: Loaded TP AndroidTargetPlatform
[2019.04.18-13.06.53:612][  0]LogTemp: Display: Loaded TP AndroidTargetPlatform
[2019.04.18-13.06.53:612][  0]LogTemp: Display: Loaded TP AndroidTargetPlatform
[2019.04.18-13.06.53:612][  0]LogTemp: Display: Loaded TP AndroidTargetPlatform
[2019.04.18-13.06.53:612][  0]LogTemp: Display: Loaded TP AndroidTargetPlatform
[2019.04.18-13.06.53:612][  0]LogTemp: Display: Loaded TP AndroidTargetPlatform
[2019.04.18-13.06.53:612][  0]LogTemp: Display: Loaded TP AndroidTargetPlatform
[2019.04.18-13.06.53:612][  0]LogTemp: Display: Loaded TP AndroidTargetPlatform
[2019.04.18-13.06.53:612][  0]LogTemp: Display: Loaded TP AndroidTargetPlatform
[2019.04.18-13.06.53:614][  0]LogTemp: Display: Loaded TP HTML5TargetPlatform
[2019.04.18-13.06.53:689][  0]LogTemp: Display: Loaded TP IOSTargetPlatform
[2019.04.18-13.06.53:689][  0]LogTemp: Display: Loaded TP IOSTargetPlatform
[2019.04.18-13.06.53:727][  0]LogTemp: Display: Loaded TP TVOSTargetPlatform
[2019.04.18-13.06.53:727][  0]LogTemp: Display: Loaded TP TVOSTargetPlatform
[2019.04.18-13.06.53:755][  0]LogTemp: Display: Loaded TP LinuxClientTargetPlatform
[2019.04.18-13.06.53:781][  0]LogTemp: Display: Loaded TP LinuxNoEditorTargetPlatform
[2019.04.18-13.06.53:803][  0]LogTemp: Display: Loaded TP LinuxServerTargetPlatform
[2019.04.18-13.06.53:828][  0]LogTemp: Display: Loaded TP LinuxTargetPlatform
[2019.04.18-13.06.53:902][  0]LogTemp: Display: Loaded TP LuminTargetPlatform
[2019.04.18-13.06.53:902][  0]LogTemp: Display: Loaded TP LuminTargetPlatform
[2019.04.18-13.06.53:902][  0]LogTargetPlatformManager: Display: Building Assets For Windows
[2019.04.18-13.06.54:011][  0]LogShaderCompilers: Guid format shader working directory is -25 characters bigger than the processId version (../../../../../../Users/17794/Desktop/DogDaysOfFall_New/DogDaysOfFall/Intermediate/Shaders/WorkingDirectory/722732/).
[2019.04.18-13.06.54:011][  0]LogShaderCompilers: Cleaned the shader compiler working directory 'C:/Users/17794/AppData/Local/Temp/UnrealShaderWorkingDir/19695FB74CC08584CA4D4B809A10CBB4/'.
[2019.04.18-13.06.54:015][  0]LogXGEController: Cannot use XGE Controller as Incredibuild is not installed on this machine.
[2019.04.18-13.06.54:015][  0]LogShaderCompilers: Cannot use XGE Shader Compiler as Incredibuild is not installed on this machine.
[2019.04.18-13.06.54:015][  0]LogShaderCompilers: Display: Using Local Shader Compiler.
[2019.04.18-13.06.54:988][  0]LogDerivedDataCache: Display: Max Cache Size: 512 MB
[2019.04.18-13.06.55:099][  0]LogDerivedDataCache: Loaded boot cache 0.11s 71MB C:/Users/17794/AppData/Local/UnrealEngine/4.21/DerivedDataCache/Boot.ddc.
[2019.04.18-13.06.55:099][  0]LogDerivedDataCache: Display: Loaded Boot cache: C:/Users/17794/AppData/Local/UnrealEngine/4.21/DerivedDataCache/Boot.ddc
[2019.04.18-13.06.55:099][  0]LogDerivedDataCache: FDerivedDataBackendGraph:  Pak pak cache file ../../../../../../Users/17794/Desktop/DogDaysOfFall_New/DogDaysOfFall/DerivedDataCache/DDC.ddp not found, will not use a pak cache.
[2019.04.18-13.06.55:099][  0]LogDerivedDataCache: Unable to find inner node Pak for hierarchical cache Hierarchy.
[2019.04.18-13.06.55:099][  0]LogDerivedDataCache: FDerivedDataBackendGraph:  CompressedPak pak cache file ../../../../../../Users/17794/Desktop/DogDaysOfFall_New/DogDaysOfFall/DerivedDataCache/Compressed.ddp not found, will not use a pak cache.
[2019.04.18-13.06.55:099][  0]LogDerivedDataCache: Unable to find inner node CompressedPak for hierarchical cache Hierarchy.
[2019.04.18-13.06.55:134][  0]LogDerivedDataCache: Display: Pak cache opened for reading ../../../Engine/DerivedDataCache/Compressed.ddp.
[2019.04.18-13.06.55:134][  0]LogDerivedDataCache: FDerivedDataBackendGraph:  EnterprisePak pak cache file ../../../Enterprise/DerivedDataCache/Compressed.ddp not found, will not use a pak cache.
[2019.04.18-13.06.55:134][  0]LogDerivedDataCache: Unable to find inner node EnterprisePak for hierarchical cache Hierarchy.
[2019.04.18-13.06.55:146][  0]LogDerivedDataCache: Using Local data cache path C:/Users/17794/AppData/Local/UnrealEngine/Common/DerivedDataCache: Writable
[2019.04.18-13.06.55:146][  0]LogDerivedDataCache: Shared data cache path not found in *engine.ini, will not use an Shared cache.
[2019.04.18-13.06.55:146][  0]LogDerivedDataCache: Unable to find inner node Shared for hierarchical cache Hierarchy.
[2019.04.18-13.06.55:201][  0]LogMaterial: Verifying Global Shaders for PCD3D_SM5
[2019.04.18-13.06.55:205][  0]LogSlate: Using FreeType 2.6.0
[2019.04.18-13.06.55:208][  0]LogSlate: SlateFontServices - WITH_FREETYPE: 1, WITH_HARFBUZZ: 1
[2019.04.18-13.06.55:356][  0]LogAssetRegistry: FAssetRegistry took 0.0508 seconds to start up
[2019.04.18-13.06.56:158][  0]LogInit: Selected Device Profile: [Windows]
[2019.04.18-13.06.56:288][  0]LogSimplygon: Simplygon DLL not present - disabling.
[2019.04.18-13.06.56:295][  0]LogMeshReduction: Using SimplygonSwarm for distributed automatic mesh merging
[2019.04.18-13.06.56:295][  0]LogMeshReduction: Using ProxyLODMeshReduction for automatic mesh merging
[2019.04.18-13.06.56:295][  0]LogMeshReduction: Using QuadricMeshReduction for automatic static mesh reduction
[2019.04.18-13.06.56:295][  0]LogMeshReduction: No automatic skeletal mesh reduction module available
[2019.04.18-13.06.56:462][  0]LogNetVersion: DogDaysOfFall 1.0.0, NetCL: 4541578, EngineNetVer: 5, GameNetVer: 0 (Checksum: 1062122466)
[2019.04.18-13.06.57:310][  0]LogPackageLocalizationCache: Processed 11 localized package path(s) for 2 prioritized culture(s) in 0.145567 seconds
[2019.04.18-13.06.57:317][  0]LogUObjectArray: 39775 objects as part of root set at end of initial load.
[2019.04.18-13.06.57:317][  0]LogUObjectAllocator: 6914656 out of 0 bytes used by permanent object pool.
[2019.04.18-13.06.57:317][  0]LogUObjectArray: CloseDisregardForGC: 0/0 objects in disregard for GC pool
[2019.04.18-13.06.58:698][  0]LogTcpMessaging: Initializing TcpMessaging bridge
[2019.04.18-13.06.58:712][  0]LogUdpMessaging: Initializing bridge on interface 0.0.0.0:0 to multicast group 230.0.0.1:6666.
[2019.04.18-13.06.59:514][  0]SourceControl: Source control is disabled
[2019.04.18-13.06.59:514][  0]SourceControl: Source control is disabled
[2019.04.18-13.06.59:515][  0]SourceControl: Source control is disabled
[2019.04.18-13.06.59:516][  0]SourceControl: Source control is disabled
[2019.04.18-13.06.59:698][  0]LogAndroidPermission: UAndroidPermissionCallbackProxy::GetInstance
[2019.04.18-13.06.59:761][  0]LogOcInput: OculusInput pre-init called
[2019.04.18-13.06.59:928][  0]LogEngine: Initializing Engine...
[2019.04.18-13.06.59:929][  0]LogHMD: Failed to initialize OpenVR with code 110
[2019.04.18-13.06.59:931][  0]LogStats: UGameplayTagsManager::ConstructGameplayTagTree: ImportINI prefixes -  0.000 s
[2019.04.18-13.06.59:931][  0]LogStats: UGameplayTagsManager::ConstructGameplayTagTree: Construct from data asset -  0.000 s
[2019.04.18-13.06.59:931][  0]LogStats: UGameplayTagsManager::ConstructGameplayTagTree: ImportINI -  0.000 s
[2019.04.18-13.06.59:931][  0]LogStats: UGameplayTagsManager::ConstructGameplayTagTree: GameplayTagTreeChangedEvent.Broadcast -  0.000 s
[2019.04.18-13.07.00:367][  0]LogInit: Initializing FReadOnlyCVARCache
[2019.04.18-13.07.00:391][  0]LogAIModule: Creating AISystem for world Untitled
[2019.04.18-13.07.00:405][  0]LogInit: XAudio2 using 'Speakers (Conexant ISST Audio)' : 2 channels at 48 kHz using 32 bits per sample (channel mask 0x3)
[2019.04.18-13.07.00:446][  0]LogInit: FAudioDevice initialized.
[2019.04.18-13.07.00:446][  0]LogNetVersion: Set ProjectVersion to 1.0.0.0. Version Checksum will be recalculated on next use.
[2019.04.18-13.07.00:711][  0]LogDerivedDataCache: Saved boot cache 0.26s 71MB C:/Users/17794/AppData/Local/UnrealEngine/4.21/DerivedDataCache/Boot.ddc.
[2019.04.18-13.07.00:730][  0]LogInit: Texture streaming: Enabled
[2019.04.18-13.07.00:764][  0]LogEngineSessionManager: EngineSessionManager initialized
[2019.04.18-13.07.01:227][  0]LogInit: Transaction tracking system initialized
[2019.04.18-13.07.01:269][  0]BlueprintLog: New page: Editor Load
[2019.04.18-13.07.01:410][  0]LocalizationService: Localization service is disabled
[2019.04.18-13.07.02:323][  0]LogCook: Display: Max memory allowance for cook 16384mb min free memory 0mb
[2019.04.18-13.07.02:323][  0]LogCook: Display: Mobile HDR setting 1
[2019.04.18-13.07.02:323][  0]LogGameplayTags: Display: UGameplayTagsManager::DoneAddingNativeTags. DelegateIsBound: 0
[2019.04.18-13.07.02:324][  0]LogStats: UGameplayTagsManager::ConstructGameplayTagTree: ImportINI prefixes -  0.000 s
[2019.04.18-13.07.02:324][  0]LogStats: UGameplayTagsManager::ConstructGameplayTagTree: Construct from data asset -  0.000 s
[2019.04.18-13.07.02:324][  0]LogStats: UGameplayTagsManager::ConstructGameplayTagTree: ImportINI -  0.000 s
[2019.04.18-13.07.02:324][  0]LogStats: UGameplayTagsManager::ConstructGameplayTagTree: GameplayTagTreeChangedEvent.Broadcast -  0.000 s
[2019.04.18-13.07.02:352][  0]LogFileCache: Scanning file cache for directory 'C:/Users/17794/Desktop/DogDaysOfFall_New/DogDaysOfFall/Content/' took 0.03s
[2019.04.18-13.07.02:585][  0]SourceControl: Source control is disabled
[2019.04.18-13.07.02:586][  0]Cmd: MAP LOAD FILE="../../../../../../Users/17794/Desktop/DogDaysOfFall_New/DogDaysOfFall/Content/Scenes/Alley.umap" TEMPLATE=0 SHOWPROGRESS=1 FEATURELEVEL=3
[2019.04.18-13.07.02:586][  0]LightingResults: New page: Lighting Build
[2019.04.18-13.07.02:590][  0]MapCheck: New page: Map Check
[2019.04.18-13.07.02:591][  0]LightingResults: New page: Lighting Build
[2019.04.18-13.07.03:614][  0]LogAIModule: Creating AISystem for world Alley
[2019.04.18-13.07.03:631][  0]LogEditorServer: Finished looking for orphan Actors (0.001 secs)
[2019.04.18-13.07.03:668][  0]Cmd: MAP CHECKDEP NOCLEARLOG
[2019.04.18-13.07.03:669][  0]MapCheck: Map check complete: 0 Error(s), 0 Warning(s), took 0.291ms to complete.
[2019.04.18-13.07.03:669][  0]LogFileHelpers: Loading map 'Alley' took 1.083
[2019.04.18-13.07.03:781][  0]LogSlate: Updating window title bar state: overlay mode, drag disabled, window buttons hidden, title bar hidden
[2019.04.18-13.07.03:787][  0]LogSlate: Updating window title bar state: overlay mode, drag disabled, window buttons hidden, title bar hidden
[2019.04.18-13.07.03:804][  0]LogSlate: Updating window title bar state: overlay mode, drag disabled, window buttons hidden, title bar hidden
[2019.04.18-13.07.03:817][  0]LogSlate: Updating window title bar state: overlay mode, drag disabled, window buttons hidden, title bar hidden
[2019.04.18-13.07.03:824][  0]LogCollectionManager: Loaded 0 collections in 0.001929 seconds
[2019.04.18-13.07.03:840][  0]LogFileCache: Scanning file cache for directory 'C:/Users/17794/Desktop/DogDaysOfFall_New/DogDaysOfFall/Saved/Collections/' took 0.01s
[2019.04.18-13.07.03:840][  0]LogFileCache: Scanning file cache for directory 'C:/Users/17794/Desktop/DogDaysOfFall_New/DogDaysOfFall/Content/Developers/17794/Collections/' took 0.00s
[2019.04.18-13.07.03:840][  0]LogFileCache: Scanning file cache for directory 'C:/Users/17794/Desktop/DogDaysOfFall_New/DogDaysOfFall/Content/Collections/' took 0.00s
[2019.04.18-13.07.03:840][  0]LogCollectionManager: Rebuilt the GUID cache for 0 collections in 0.000004 seconds
[2019.04.18-13.07.03:853][  0]LogContentBrowser: Native class hierarchy populated in 0.0127 seconds. Added 2651 classes and 620 folders.
[2019.04.18-13.07.03:861][  0]LogContentBrowser: Native class hierarchy updated for 'WidgetCarousel' in 0.0002 seconds. Added 0 classes and 0 folders.
[2019.04.18-13.07.03:863][  0]LogPakFile: Registered encryption key '00000000000000000000000000000000': 0 pak files mounted, 0 remain pending
[2019.04.18-13.07.03:864][  0]LogPakFile: Registered encryption key '00000000000000000000000000000000': 0 pak files mounted, 0 remain pending
[2019.04.18-13.07.03:866][  0]LogPakFile: Registered encryption key '00000000000000000000000000000000': 0 pak files mounted, 0 remain pending
[2019.04.18-13.07.03:866][  0]LogPakFile: Registered encryption key '00000000000000000000000000000000': 0 pak files mounted, 0 remain pending
[2019.04.18-13.07.03:867][  0]LogPakFile: Registered encryption key '00000000000000000000000000000000': 0 pak files mounted, 0 remain pending
[2019.04.18-13.07.03:867][  0]LogPakFile: Registered encryption key '00000000000000000000000000000000': 0 pak files mounted, 0 remain pending
[2019.04.18-13.07.03:868][  0]LogPakFile: Registered encryption key '00000000000000000000000000000000': 0 pak files mounted, 0 remain pending
[2019.04.18-13.07.03:868][  0]LogPakFile: Registered encryption key '00000000000000000000000000000000': 0 pak files mounted, 0 remain pending
[2019.04.18-13.07.03:869][  0]LogPakFile: Registered encryption key '00000000000000000000000000000000': 0 pak files mounted, 0 remain pending
[2019.04.18-13.07.03:869][  0]LogPakFile: Registered encryption key '00000000000000000000000000000000': 0 pak files mounted, 0 remain pending
[2019.04.18-13.07.03:870][  0]LogPakFile: Registered encryption key '00000000000000000000000000000000': 0 pak files mounted, 0 remain pending
[2019.04.18-13.07.03:871][  0]LogPakFile: Registered encryption key '00000000000000000000000000000000': 0 pak files mounted, 0 remain pending
[2019.04.18-13.07.03:873][  0]LogPakFile: Registered encryption key '00000000000000000000000000000000': 0 pak files mounted, 0 remain pending
[2019.04.18-13.07.03:874][  0]LogPakFile: Registered encryption key '00000000000000000000000000000000': 0 pak files mounted, 0 remain pending
[2019.04.18-13.07.03:875][  0]LogPakFile: Registered encryption key '00000000000000000000000000000000': 0 pak files mounted, 0 remain pending
[2019.04.18-13.07.03:875][  0]LogPakFile: Registered encryption key '00000000000000000000000000000000': 0 pak files mounted, 0 remain pending
[2019.04.18-13.07.03:876][  0]LogPakFile: Registered encryption key '00000000000000000000000000000000': 0 pak files mounted, 0 remain pending
[2019.04.18-13.07.03:877][  0]LogPakFile: Registered encryption key '00000000000000000000000000000000': 0 pak files mounted, 0 remain pending
[2019.04.18-13.07.03:877][  0]LogPakFile: Registered encryption key '00000000000000000000000000000000': 0 pak files mounted, 0 remain pending
[2019.04.18-13.07.03:878][  0]LogPakFile: Registered encryption key '00000000000000000000000000000000': 0 pak files mounted, 0 remain pending
[2019.04.18-13.07.03:878][  0]LogPakFile: Registered encryption key '00000000000000000000000000000000': 0 pak files mounted, 0 remain pending
[2019.04.18-13.07.03:879][  0]LogPakFile: Registered encryption key '00000000000000000000000000000000': 0 pak files mounted, 0 remain pending
[2019.04.18-13.07.03:880][  0]LogPakFile: Registered encryption key '00000000000000000000000000000000': 0 pak files mounted, 0 remain pending
[2019.04.18-13.07.03:882][  0]LogPakFile: Registered encryption key '00000000000000000000000000000000': 0 pak files mounted, 0 remain pending
[2019.04.18-13.07.03:882][  0]LogPakFile: Registered encryption key '00000000000000000000000000000000': 0 pak files mounted, 0 remain pending
[2019.04.18-13.07.03:883][  0]LogPakFile: Registered encryption key '00000000000000000000000000000000': 0 pak files mounted, 0 remain pending
[2019.04.18-13.07.03:928][  0]LogContentBrowser: Native class hierarchy updated for 'AddContentDialog' in 0.0003 seconds. Added 0 classes and 0 folders.
[2019.04.18-13.07.03:939][  0]LogContentBrowser: Native class hierarchy updated for 'SceneOutliner' in 0.0004 seconds. Added 1 classes and 2 folders.
[2019.04.18-13.07.04:064][  0]LogSlate: Took 0.000249 seconds to synchronously load lazily loaded font '../../../Engine/Content/Slate/Fonts/Roboto-Regular.ttf' (155K)
[2019.04.18-13.07.04:069][  0]LogSlate: Took 0.000697 seconds to synchronously load lazily loaded font '../../../Engine/Content/Slate/Fonts/Roboto-Bold.ttf' (160K)
[2019.04.18-13.07.04:076][  0]LogSlate: Took 0.000327 seconds to synchronously load lazily loaded font '../../../Engine/Content/Editor/Slate/Fonts/FontAwesome.ttf' (139K)
[2019.04.18-13.07.04:305][  0]LogContentBrowser: Native class hierarchy updated for 'HierarchicalLODOutliner' in 0.0005 seconds. Added 0 classes and 0 folders.
[2019.04.18-13.07.04:305][  0]LogLoad: (Engine Initialization) Total time: 15.45 seconds
[2019.04.18-13.07.04:305][  0]LogLoad: (Engine Initialization) Total Blueprint compile time: 0.00 seconds
[2019.04.18-13.07.04:374][  0]LogContentStreaming: Texture pool size now 1000 MB
[2019.04.18-13.07.04:493][  1]LogRenderer: Reallocating scene render targets to support 1404x608 Format 10 NumSamples 1 (Frame:1).
[2019.04.18-13.07.09:583][238]LogAssetRegistry: Error: Failed to open file for write ../../../../../../Users/17794/Desktop/DogDaysOfFall_New/DogDaysOfFall/Intermediate/CachedAssetRegistry.bin
[2019.04.18-13.07.09:583][238]LogAssetRegistry: Asset discovery search completed in 14.2516 seconds
[2019.04.18-13.07.09:586][238]LogCollectionManager: Rebuilt the object cache for 0 collections in 0.000000 seconds (found 0 objects)
[2019.04.18-13.07.09:586][238]LogCollectionManager: Fixed up redirectors for 0 collections in 0.000142 seconds (updated 0 objects)
[2019.04.18-13.07.25:646][287]LogSlate: FSceneViewport::OnFocusLost() reason 0
[2019.04.18-13.07.32:371][871]LogSlate: Took 0.006262 seconds to synchronously load lazily loaded font '../../../Engine/Content/Slate/Fonts/Roboto-Light.ttf' (167K)
[2019.04.18-13.07.35:265][871]LogAIModule: Creating AISystem for world Apartment
[2019.04.18-13.07.35:300][871]LogAssetEditorManager: Opening Asset editor for World /Game/Scenes/Apartment.Apartment
[2019.04.18-13.07.35:326][871]Cmd: MAP LOAD FILE="../../../../../../Users/17794/Desktop/DogDaysOfFall_New/DogDaysOfFall/Content/Scenes/Apartment.umap" TEMPLATE=0 SHOWPROGRESS=1 FEATURELEVEL=3
[2019.04.18-13.07.35:326][871]LightingResults: New page: Lighting Build
[2019.04.18-13.07.35:327][871]LoadErrors: New page: Loading map: Apartment.umap
[2019.04.18-13.07.35:329][871]MapCheck: New page: Map Check
[2019.04.18-13.07.35:329][871]LightingResults: New page: Lighting Build
[2019.04.18-13.07.35:495][871]LogEditorServer: Finished looking for orphan Actors (0.000 secs)
[2019.04.18-13.07.35:567][871]Cmd: MAP CHECKDEP NOCLEARLOG
[2019.04.18-13.07.35:568][871]MapCheck: Map check complete: 0 Error(s), 0 Warning(s), took 0.187ms to complete.
[2019.04.18-13.07.35:568][871]LogFileHelpers: Loading map 'Apartment' took 0.242
[2019.04.18-13.07.57:921][339]LogSlate: FSceneViewport::OnFocusLost() reason 0
[2019.04.18-13.07.58:468][363]LogRenderer: Reallocating scene render targets to support 1404x616 Format 10 NumSamples 1 (Frame:446).
[2019.04.18-13.07.58:520][364]LogRenderer: Reallocating scene render targets to support 1404x628 Format 10 NumSamples 1 (Frame:448).
[2019.04.18-13.07.58:582][365]LogRenderer: Reallocating scene render targets to support 1404x632 Format 10 NumSamples 1 (Frame:450).
[2019.04.18-13.07.58:635][366]LogRenderer: Reallocating scene render targets to support 1404x636 Format 10 NumSamples 1 (Frame:452).
[2019.04.18-13.08.01:349][583]LogEditorViewport: Clicking on Actor (LMB): StaticMeshActor (Clock)
[2019.04.18-13.08.04:134][784]Cmd: TRANSACTION UNDO
[2019.04.18-13.08.04:134][784]LogEditorTransaction: Undo Move Actors
[2019.04.18-13.08.11:732][197]Cmd: CAMERA ALIGN ACTIVEVIEWPORTONLY
[2019.04.18-13.08.16:032][539]Cmd: CAMERA ALIGN ACTIVEVIEWPORTONLY
[2019.04.18-13.08.21:083][932]LogSlate: FSceneViewport::OnFocusLost() reason 0
[2019.04.18-13.08.33:930][  6]Cmd: TRANSACTION UNDO
[2019.04.18-13.08.33:930][  6]LogEditorTransaction: Undo Rotate Actors
[2019.04.18-13.08.38:250][362]Cmd: TRANSACTION UNDO
[2019.04.18-13.08.38:250][362]LogEditorTransaction: Undo Rotate Actors
[2019.04.18-13.08.45:419][520]LogSlate: FSceneViewport::OnFocusLost() reason 2
[2019.04.18-13.08.52:608][114]LogEditorViewport: Clicking on Actor (LMB): StaticMeshActor (Bed)
[2019.04.18-13.08.53:023][144]LogEditorViewport: Clicking on Actor (LMB): StaticMeshActor (Floor)
[2019.04.18-13.08.59:660][708]LogSlate: FSceneViewport::OnFocusLost() reason 2
[2019.04.18-13.09.00:644][755]LogRenderer: Reallocating scene render targets to support 1720x828 Format 10 NumSamples 1 (Frame:4824).
[2019.04.18-13.09.00:646][755]LogSlate: FSceneViewport::OnFocusLost() reason 2
[2019.04.18-13.09.00:708][756]LogRenderer: Reallocating scene render targets to support 1920x952 Format 10 NumSamples 1 (Frame:4826).
[2019.04.18-13.09.13:156][200]LogSlate: FSceneViewport::OnFocusLost() reason 2
[2019.04.18-13.09.33:114][974]LogSlate: FSceneViewport::OnFocusLost() reason 2
[2019.04.18-13.09.34:683][153]LogSlate: FSceneViewport::OnFocusLost() reason 2
[2019.04.18-13.09.36:676][376]LogSlate: FSceneViewport::OnFocusLost() reason 2
[2019.04.18-13.09.38:777][602]LogSlate: FSceneViewport::OnFocusLost() reason 2
[2019.04.18-13.09.38:989][625]LogSlate: FSceneViewport::OnFocusLost() reason 2
[2019.04.18-13.09.39:738][710]LogSlate: FSceneViewport::OnFocusLost() reason 2
[2019.04.18-13.09.40:554][806]LogSlate: FSceneViewport::OnFocusLost() reason 2
[2019.04.18-13.09.42:414][998]LogSlate: FSceneViewport::OnFocusLost() reason 2
[2019.04.18-13.09.43:810][129]LogSlate: FSceneViewport::OnFocusLost() reason 2
[2019.04.18-13.09.44:250][162]LogSlate: FSceneViewport::OnFocusLost() reason 0
[2019.04.18-13.10.07:789][877]Cmd: TRANSACTION UNDO
[2019.04.18-13.10.07:789][877]LogEditorTransaction: Undo Rotate Actors
[2019.04.18-13.10.23:525][178]LogSlate: FSceneViewport::OnFocusLost() reason 2
[2019.04.18-13.10.24:201][244]LogSlate: FSceneViewport::OnFocusLost() reason 2
[2019.04.18-13.10.24:669][290]LogSlate: FSceneViewport::OnFocusLost() reason 2
[2019.04.18-13.10.30:859][799]LogEditorViewport: Clicking on Actor (LMB): StaticMeshActor (WallOutCove_Bed)
[2019.04.18-13.10.33:998][ 89]LogEditorViewport: Clicking on Actor (LMB): CameraActor (CameraActor)
[2019.04.18-13.10.34:936][154]LogSlate: FSceneViewport::OnFocusLost() reason 2
[2019.04.18-13.10.39:754][517]LogSlate: FSceneViewport::OnFocusLost() reason 2
[2019.04.18-13.10.49:486][282]LogSlate: FSceneViewport::OnFocusLost() reason 2
[2019.04.18-13.10.53:208][574]LogSlate: FSceneViewport::OnFocusLost() reason 2
[2019.04.18-13.10.55:978][841]LogSlate: Took 0.005714 seconds to synchronously load lazily loaded font '../../../Engine/Content/Slate/Fonts/Roboto-BoldCondensed.ttf' (158K)
[2019.04.18-13.10.58:876][ 83]LogEditorBookmarks: Warning: FBookmarkTypeToolsImpl::JumpToBookmark - Null Bookmark at index 9
[2019.04.18-13.11.00:402][222]LogEditorBookmarks: Warning: FBookmarkTypeToolsImpl::JumpToBookmark - Null Bookmark at index 9
[2019.04.18-13.11.01:152][297]LogEditorBookmarks: Warning: FBookmarkTypeToolsImpl::JumpToBookmark - Null Bookmark at index 8
[2019.04.18-13.11.01:225][304]LogEditorBookmarks: Warning: FBookmarkTypeToolsImpl::JumpToBookmark - Null Bookmark at index 9
[2019.04.18-13.11.10:450][111]LogSlate: FSceneViewport::OnFocusLost() reason 2
[2019.04.18-13.11.15:576][530]LogEditorBookmarks: Warning: FBookmarkTypeToolsImpl::JumpToBookmark - Null Bookmark at index 3
[2019.04.18-13.12.34:272][383]LogSlate: FSceneViewport::OnFocusLost() reason 2
[2019.04.18-13.12.58:380][572]LogSlate: FSceneViewport::OnFocusLost() reason 2
[2019.04.18-13.13.10:371][575]LogSlate: FSceneViewport::OnFocusLost() reason 2
[2019.04.18-13.13.14:339][889]LogSlate: FSceneViewport::OnFocusLost() reason 2
[2019.04.18-13.13.14:406][893]LogSlate: FSceneViewport::OnFocusLost() reason 2
[2019.04.18-13.13.59:265][930]LogEditorViewport: Clicking on Actor (LMB): StaticMeshActor (Bed)
[2019.04.18-13.14.03:408][274]LogSlate: FSceneViewport::OnFocusLost() reason 0
[2019.04.18-13.14.06:763][546]LogEditorViewport: Clicking on Actor (LMB): StaticMeshActor (WallOutCove_Bed)
[2019.04.18-13.14.08:055][652]LogSlate: FSceneViewport::OnFocusLost() reason 2
[2019.04.18-13.14.08:431][682]LogSlate: FSceneViewport::OnFocusLost() reason 2
[2019.04.18-13.14.24:471][193]Cmd: TRANSACTION UNDO
[2019.04.18-13.14.24:471][193]LogEditorTransaction: Undo Clicking on Actors
[2019.04.18-13.14.25:375][263]Cmd: TRANSACTION UNDO
[2019.04.18-13.14.25:375][263]LogEditorTransaction: Undo Clicking on Actors
[2019.04.18-13.14.29:884][660]LogSlate: FSceneViewport::OnFocusLost() reason 2
[2019.04.18-13.14.32:727][959]LogSlate: FSceneViewport::OnFocusLost() reason 2
[2019.04.18-13.14.34:142][104]LogSlate: FSceneViewport::OnFocusLost() reason 2
[2019.04.18-13.16.22:109][790]LogSlate: FSceneViewport::OnFocusLost() reason 0
[2019.04.18-13.16.32:606][747]LogSlate: FSceneViewport::OnFocusLost() reason 2
[2019.04.18-13.17.37:869][ 83]LogSlate: FSceneViewport::OnFocusLost() reason 0
[2019.04.18-13.17.58:795][925]LogSlate: FSceneViewport::OnFocusLost() reason 2
[2019.04.18-13.18.14:069][ 75]LogSlate: FSceneViewport::OnFocusLost() reason 2
[2019.04.18-13.18.27:749][107]LogSlate: FSceneViewport::OnFocusLost() reason 0
[2019.04.18-13.18.49:781][125]LogSlate: FSceneViewport::OnFocusLost() reason 2
[2019.04.18-13.18.54:509][454]LogSlate: FSceneViewport::OnFocusLost() reason 2
[2019.04.18-13.19.21:454][950]LogSlate: Took 0.000192 seconds to synchronously load lazily loaded font '../../../Engine/Content/Slate/Fonts/Roboto-Light.ttf' (167K)
[2019.04.18-13.19.41:542][405]LogAIModule: Creating AISystem for world Office
[2019.04.18-13.19.41:556][405]LogAssetEditorManager: Opening Asset editor for World /Game/Scenes/Office.Office
[2019.04.18-13.19.42:765][405]LogSlate: Window 'Save Content' being destroyed
[2019.04.18-13.19.43:006][405]LogSavePackage: Moving '../../../../../../Users/17794/Desktop/DogDaysOfFall_New/DogDaysOfFall/Saved/ApartmentA66ACDB64E31E482EE97FDB880AAC909.tmp' to '../../../../../../Users/17794/Desktop/DogDaysOfFall_New/DogDaysOfFall/Content/Scenes/Apartment.umap'
[2019.04.18-13.19.43:048][405]LogFileHelpers: Saving map 'Apartment' took 0.264
[2019.04.18-13.19.43:049][405]Cmd: MAP LOAD FILE="../../../../../../Users/17794/Desktop/DogDaysOfFall_New/DogDaysOfFall/Content/Scenes/Office.umap" TEMPLATE=0 SHOWPROGRESS=1 FEATURELEVEL=3
[2019.04.18-13.19.43:049][405]LightingResults: New page: Lighting Build
[2019.04.18-13.19.43:049][405]LoadErrors: New page: Loading map: Office.umap
[2019.04.18-13.19.43:051][405]MapCheck: New page: Map Check
[2019.04.18-13.19.43:051][405]LightingResults: New page: Lighting Build
[2019.04.18-13.19.43:148][405]LogEditorServer: Finished looking for orphan Actors (0.000 secs)
[2019.04.18-13.19.43:203][405]Cmd: MAP CHECKDEP NOCLEARLOG
[2019.04.18-13.19.43:208][405]MapCheck: Map check complete: 0 Error(s), 0 Warning(s), took 4.98ms to complete.
[2019.04.18-13.19.43:208][405]LogFileHelpers: Loading map 'Office' took 0.160
[2019.04.18-13.19.43:327][405]LogAIModule: Creating AISystem for world Apartment
[2019.04.18-13.19.49:405][915]LogSlate: FSceneViewport::OnFocusLost() reason 0
[2019.04.18-13.19.55:416][447]LogEditorViewport: Clicking on Actor (LMB): PointLight (PointLight2)
[2019.04.18-13.19.56:817][561]LogSlate: FSceneViewport::OnFocusLost() reason 0
[2019.04.18-13.19.57:934][662]LogEditorViewport: Clicking on Actor (LMB): StaticMeshActor (Desk)
[2019.04.18-13.20.00:924][926]Cmd: TRANSACTION UNDO
[2019.04.18-13.20.00:924][926]LogEditorTransaction: Undo Clicking on Actors
[2019.04.18-13.20.01:301][951]Cmd: TRANSACTION UNDO
[2019.04.18-13.20.01:301][951]LogEditorTransaction: Undo Edit Intensity
[2019.04.18-13.20.02:310][ 27]LogEditorViewport: Clicking on Actor (LMB): StaticMeshActor (Office)
[2019.04.18-13.20.24:365][ 93]LogSlate: FSceneViewport::OnFocusLost() reason 0
[2019.04.18-13.20.32:970][846]LogSlate: FSceneViewport::OnFocusLost() reason 0
[2019.04.18-13.20.38:954][407]Cmd: TRANSACTION UNDO
[2019.04.18-13.20.38:954][407]LogEditorTransaction: Undo Edit Intensity
[2019.04.18-13.20.48:534][214]LogSlate: Window 'Color Picker' being destroyed
[2019.04.18-13.20.53:493][650]LogSlate: FSceneViewport::OnFocusLost() reason 0
[2019.04.18-13.21.14:258][645]LogSlate: FSceneViewport::OnFocusLost() reason 0
[2019.04.18-13.21.41:528][278]LogSlate: FSceneViewport::OnFocusLost() reason 0
[2019.04.18-13.21.58:908][938]LogSlate: FSceneViewport::OnFocusLost() reason 0
[2019.04.18-13.22.04:717][419]LogEditorViewport: Clicking on Actor (LMB): ExponentialHeightFog (ExponentialHeightFog)
[2019.04.18-13.22.06:369][567]LogSlate: FSceneViewport::OnFocusLost() reason 0
[2019.04.18-13.22.10:724][959]LogSlate: Window 'Color Picker' being destroyed
[2019.04.18-13.22.14:391][285]Cmd: TRANSACTION UNDO
[2019.04.18-13.22.14:391][285]LogEditorTransaction: Undo Edit Fog Height Falloff
[2019.04.18-13.22.26:077][373]Cmd: TRANSACTION UNDO
[2019.04.18-13.22.26:077][373]LogEditorTransaction: Undo Edit Scattering Distribution
[2019.04.18-13.22.27:397][478]LogEditorViewport: Clicking on Actor (LMB): AtmosphericFog (AtmosphericFog)
[2019.04.18-13.22.30:455][763]LogSlate: FSceneViewport::OnFocusLost() reason 0
[2019.04.18-13.22.35:673][228]Cmd: TRANSACTION UNDO
[2019.04.18-13.22.35:673][228]LogEditorTransaction: Undo Edit Inscatter Altitude Sample Num
[2019.04.18-13.22.40:247][606]Cmd: TRANSACTION UNDO
[2019.04.18-13.22.40:247][606]LogEditorTransaction: Undo Edit Sun Multiplier
[2019.04.18-13.22.44:717][981]LogEditorViewport: Clicking on Actor (LMB): ExponentialHeightFog (ExponentialHeightFog)
[2019.04.18-13.22.49:877][469]LogSlate: FSceneViewport::OnFocusLost() reason 2
[2019.04.18-13.22.58:892][251]LogSlate: Window 'Color Picker' being destroyed
[2019.04.18-13.23.01:770][508]LogEditorViewport: Clicking on Actor (LMB): PointLight (PointLight2)
[2019.04.18-13.23.02:979][618]Cmd: EDIT COPY
[2019.04.18-13.23.03:214][642]Cmd: EDIT PASTE
[2019.04.18-13.23.06:147][904]LogSlate: FSceneViewport::OnFocusLost() reason 0
[2019.04.18-13.23.17:867][963]LogSlate: Window 'Color Picker' being destroyed
[2019.04.18-13.23.36:143][667]LogSlate: FSceneViewport::OnFocusLost() reason 0
[2019.04.18-13.23.49:960][856]LogEditorViewport: Clicking on Actor (LMB): StaticMeshActor (Wall_Door2)
[2019.04.18-13.23.52:789][ 90]LogEditorViewport: Clicking on Actor (LMB): PointLight (PointLight3)
[2019.04.18-13.23.56:783][471]LogEditorViewport: Clicking on Actor (LMB): StaticMeshActor (Wall_Door2)
[2019.04.18-13.23.58:485][624]LogEditorViewport: Clicking on Actor (LMB): PointLight (PointLight3)
[2019.04.18-13.24.08:127][499]LogEditorViewport: Clicking on Actor (LMB): StaticMeshActor (Wall_Door2)
[2019.04.18-13.24.09:503][628]LogEditorViewport: Clicking on Actor (LMB): StaticMeshActor (Office)
[2019.04.18-13.24.13:530][  4]LogEditorViewport: Clicking on Actor (LMB): PointLight (PointLight3)
[2019.04.18-13.24.15:638][178]LogSlate: FSceneViewport::OnFocusLost() reason 0
[2019.04.18-13.24.27:672][172]LogSlate: Window 'Color Picker' being destroyed
[2019.04.18-13.24.28:434][240]LogEditorViewport: Clicking on Actor (LMB): StaticMeshActor (Office)
[2019.04.18-13.24.35:119][831]LogSlate: FSceneViewport::OnFocusLost() reason 0
[2019.04.18-13.24.41:120][400]LogEditorViewport: Clicking on Actor (LMB): StaticMeshActor (Wall_Door2)
[2019.04.18-13.24.41:920][456]LogEditorViewport: Clicking on Actor (LMB): PointLight (PointLight3)
[2019.04.18-13.24.50:895][225]LogSlate: FSceneViewport::OnFocusLost() reason 0
[2019.04.18-13.25.00:852][191]LogSlate: FSceneViewport::OnFocusLost() reason 0
[2019.04.18-13.25.27:615][654]LogEditorViewport: Clicking on Actor (context menu): StaticMeshActor (Wall_Door2)
[2019.04.18-13.25.27:676][654]LogSlate: FSceneViewport::OnFocusLost() reason 2
[2019.04.18-13.25.37:289][594]LogEditorViewport: Clicking on Actor (LMB): StaticMeshActor (Office)
[2019.04.18-13.25.38:705][714]LogEditorViewport: Clicking on Actor (LMB): StaticMeshActor (Wall_Door2)
[2019.04.18-13.25.39:853][817]LogEditorViewport: Clicking on Actor (LMB): PointLight (PointLight3)
[2019.04.18-13.25.41:479][961]LogSlate: FSceneViewport::OnFocusLost() reason 0
[2019.04.18-13.25.43:703][189]LogEditorViewport: Clicking on Actor (LMB): StaticMeshActor (Office)
[2019.04.18-13.25.46:579][478]LogSlate: FSceneViewport::OnFocusLost() reason 0
[2019.04.18-13.25.57:260][392]LogSlate: Window 'Color Picker' being destroyed
[2019.04.18-13.25.58:458][496]LogEditorViewport: Clicking on Actor (LMB): StaticMeshActor (Office)
[2019.04.18-13.25.59:664][606]LogEditorViewport: Clicking on Actor (LMB): StaticMeshActor (Wall_Door2)
[2019.04.18-13.26.17:175][304]LogSlate: FSceneViewport::OnFocusLost() reason 0
[2019.04.18-13.29.41:128][963]LogSavePackage: Moving '../../../../../../Users/17794/Desktop/DogDaysOfFall_New/DogDaysOfFall/Saved/Office_Auto1120BACCD4A61383037DCDA8655CCA217.tmp' to '../../../../../../Users/17794/Desktop/DogDaysOfFall_New/DogDaysOfFall/Saved/Autosaves/Game/Scenes/Office_Auto1.umap'
[2019.04.18-13.29.41:132][963]LogFileHelpers: Editor autosave (incl. sublevels) for '/Game/Scenes/Office' took 0.165
[2019.04.18-13.29.41:132][963]LogFileHelpers: Editor autosave (incl. sublevels) for all levels took 0.165
[2019.04.18-13.32.26:295][713]LogSlate: FSceneViewport::OnFocusLost() reason 2
