Log file open, 04/01/19 13:58:50
LogWindows: Failed to load 'aqProf.dll' (GetLastError=126)
LogWindows: File 'aqProf.dll' does not exist
LogWindows: Failed to load 'VtuneApi.dll' (GetLastError=126)
LogWindows: File 'VtuneApi.dll' does not exist
LogWindows: Failed to load 'VtuneApi32e.dll' (GetLastError=126)
LogWindows: File 'VtuneApi32e.dll' does not exist
LogConsoleResponse: Display: Failed to find resolution value strings in scalability ini. Falling back to default.
LogInit: Display: Running engine for game: DogDaysOfFall
LogPakFile: Registered encryption key '00000000000000000000000000000000': 0 pak files mounted, 0 remain pending
LogPlatformFile: Not using cached read wrapper
LogTaskGraph: Started task graph with 5 named threads and 23 total threads with 3 sets of task threads.
LogStats: Stats thread started at 0.295507
LogD3D11RHI: Loaded GFSDK_Aftermath_Lib.x64.dll
LogICUInternationalization: ICU TimeZone Detection - Raw Offset: -5:00, Platform Override: ''
LogPluginManager: Mounting plugin Paper2D
LogPluginManager: Mounting plugin AISupport
LogPluginManager: Mounting plugin LightPropagationVolume
LogPluginManager: Mounting plugin ActorLayerUtilities
LogPluginManager: Mounting plugin CLionSourceCodeAccess
LogPluginManager: Mounting plugin CodeLiteSourceCodeAccess
LogPluginManager: Mounting plugin GitSourceControl
LogPluginManager: Mounting plugin KDevelopSourceCodeAccess
LogPluginManager: Mounting plugin NullSourceCodeAccess
LogPluginManager: Mounting plugin PerforceSourceControl
LogPluginManager: Mounting plugin SubversionSourceControl
LogPluginManager: Mounting plugin UObjectPlugin
LogPluginManager: Mounting plugin VisualStudioCodeSourceCodeAccess
LogPluginManager: Mounting plugin VisualStudioSourceCodeAccess
LogPluginManager: Mounting plugin XCodeSourceCodeAccess
LogPluginManager: Mounting plugin AssetManagerEditor
LogPluginManager: Mounting plugin CryptoKeys
LogPluginManager: Mounting plugin DataValidation
LogPluginManager: Mounting plugin FacialAnimation
LogPluginManager: Mounting plugin GameplayTagsEditor
LogPluginManager: Mounting plugin MacGraphicsSwitching
LogPluginManager: Mounting plugin MeshEditor
LogPluginManager: Mounting plugin MobileLauncherProfileWizard
LogPluginManager: Mounting plugin PluginBrowser
LogPluginManager: Mounting plugin SpeedTreeImporter
LogPluginManager: Mounting plugin DatasmithContent
LogPluginManager: Mounting plugin VariantManagerContent
LogPluginManager: Mounting plugin AlembicImporter
LogPluginManager: Mounting plugin AppleImageUtils
LogPluginManager: Mounting plugin AppleVision
LogPluginManager: Mounting plugin BackChannel
LogPluginManager: Mounting plugin CharacterAI
LogPluginManager: Mounting plugin GeometryCache
LogPluginManager: Mounting plugin HTML5Networking
LogPluginManager: Mounting plugin ProxyLODPlugin
LogPluginManager: Mounting plugin MagicLeap
LogPluginManager: Mounting plugin MagicLeapMedia
LogPluginManager: Mounting plugin AndroidMedia
LogPluginManager: Mounting plugin AvfMedia
LogPluginManager: Mounting plugin ImgMedia
LogPluginManager: Mounting plugin LinearTimecode
LogPluginManager: Mounting plugin MediaCompositing
LogPluginManager: Mounting plugin MediaPlayerEditor
LogPluginManager: Mounting plugin WebMMedia
LogPluginManager: Mounting plugin WmfMedia
LogPluginManager: Mounting plugin TcpMessaging
LogPluginManager: Mounting plugin UdpMessaging
LogPluginManager: Mounting plugin ActorSequence
LogPluginManager: Mounting plugin LevelSequenceEditor
LogPluginManager: Mounting plugin MatineeToLevelSequence
LogPluginManager: Mounting plugin NetcodeUnitTest
LogPluginManager: Mounting plugin NUTUnrealEngine4
LogPluginManager: Mounting plugin OnlineSubsystemGooglePlay
LogPluginManager: Mounting plugin OnlineSubsystemIOS
LogPluginManager: Mounting plugin OnlineSubsystem
LogPluginManager: Mounting plugin OnlineSubsystemNull
LogPluginManager: Mounting plugin OnlineSubsystemUtils
LogPluginManager: Mounting plugin LauncherChunkInstaller
LogPluginManager: Mounting plugin AndroidDeviceProfileSelector
LogPluginManager: Mounting plugin AndroidMoviePlayer
LogPluginManager: Mounting plugin AndroidPermission
LogPluginManager: Mounting plugin AppleMoviePlayer
LogPluginManager: Mounting plugin ArchVisCharacter
LogPluginManager: Mounting plugin AudioCapture
LogPluginManager: Mounting plugin CableComponent
LogPluginManager: Mounting plugin CustomMeshComponent
LogPluginManager: Mounting plugin EditableMesh
LogPluginManager: Mounting plugin ExampleDeviceProfileSelector
LogPluginManager: Mounting plugin Firebase
LogPluginManager: Mounting plugin GoogleCloudMessaging
LogPluginManager: Mounting plugin IOSDeviceProfileSelector
LogPluginManager: Mounting plugin LinuxDeviceProfileSelector
LogPluginManager: Mounting plugin LocationServicesBPLibrary
LogPluginManager: Mounting plugin MobilePatchingUtils
LogPluginManager: Mounting plugin OculusVR
LogPluginManager: Mounting plugin PhysXVehicles
LogPluginManager: Mounting plugin ProceduralMeshComponent
LogPluginManager: Mounting plugin RuntimePhysXCooking
LogPluginManager: Mounting plugin SteamVR
LogPluginManager: Mounting plugin WebMMoviePlayer
LogPluginManager: Mounting plugin WindowsMoviePlayer
LogStreaming: Display: Took  0.100s to configure plugins.
LogInit: Using libcurl 7.55.1-DEV
LogInit:  - built for x86_64-pc-win32
LogInit:  - supports SSL with OpenSSL/1.0.2h
LogInit:  - supports HTTP deflate (compression) using libz 1.2.8
LogInit:  - other features:
LogInit:      CURL_VERSION_SSL
LogInit:      CURL_VERSION_LIBZ
LogInit:      CURL_VERSION_IPV6
LogInit:      CURL_VERSION_ASYNCHDNS
LogInit:      CURL_VERSION_LARGEFILE
LogInit:      CURL_VERSION_IDN
LogInit:  CurlRequestOptions (configurable via config and command line):
LogInit:  - bVerifyPeer = true  - Libcurl will verify peer certificate
LogInit:  - bUseHttpProxy = false  - Libcurl will NOT use HTTP proxy
LogInit:  - bDontReuseConnections = false  - Libcurl will reuse connections
LogInit:  - MaxHostConnections = 16  - Libcurl will limit the number of connections to a host
LogInit:  - LocalHostAddr = Default
LogInit:  - BufferSize = 65536
LogInit: WinSock: version 1.1 (2.2), MaxSocks=32767, MaxUdp=65467
LogInit: Build: ++UE4+Release-4.21-CL-4753647
LogInit: Engine Version: 4.21.2-4753647+++UE4+Release-4.21
LogInit: Compatible Engine Version: 4.21.0-4541578+++UE4+Release-4.21
LogInit: Net CL: 4541578
LogInit: OS: Windows 10 (), CPU: Intel(R) Core(TM) i7-7700HQ CPU @ 2.80GHz, GPU: Intel(R) HD Graphics 630
LogInit: Compiled (64-bit): Jan 19 2019 02:07:31
LogInit: Compiled with Visual C++: 19.13.26129.00
LogInit: Build Configuration: Development
LogInit: Branch Name: ++UE4+Release-4.21
LogInit: Command Line: 
LogInit: Base Directory: C:/Program Files/Epic Games/UE_4.21/Engine/Binaries/Win64/
LogInit: Installed Engine Build: 1
LogDevObjectVersion: Number of dev versions registered: 22
LogDevObjectVersion:   Dev-Blueprints (B0D832E4-1F89-4F0D-ACCF-7EB736FD4AA2): 10
LogDevObjectVersion:   Dev-Build (E1C64328-A22C-4D53-A36C-8E866417BD8C): 0
LogDevObjectVersion:   Dev-Core (375EC13C-06E4-48FB-B500-84F0262A717E): 2
LogDevObjectVersion:   Dev-Editor (E4B068ED-F494-42E9-A231-DA0B2E46BB41): 26
LogDevObjectVersion:   Dev-Framework (CFFC743F-43B0-4480-9391-14DF171D2073): 34
LogDevObjectVersion:   Dev-Mobile (B02B49B5-BB20-44E9-A304-32B752E40360): 2
LogDevObjectVersion:   Dev-Networking (A4E4105C-59A1-49B5-A7C5-40C4547EDFEE): 0
LogDevObjectVersion:   Dev-Online (39C831C9-5AE6-47DC-9A44-9C173E1C8E7C): 0
LogDevObjectVersion:   Dev-Physics (78F01B33-EBEA-4F98-B9B4-84EACCB95AA2): 0
LogDevObjectVersion:   Dev-Platform (6631380F-2D4D-43E0-8009-CF276956A95A): 0
LogDevObjectVersion:   Dev-Rendering (12F88B9F-8875-4AFC-A67C-D90C383ABD29): 27
LogDevObjectVersion:   Dev-Sequencer (7B5AE74C-D270-4C10-A958-57980B212A5A): 9
LogDevObjectVersion:   Dev-VR (D7296918-1DD6-4BDD-9DE2-64A83CC13884): 2
LogDevObjectVersion:   Dev-LoadTimes (C2A15278-BFE7-4AFE-6C17-90FF531DF755): 1
LogDevObjectVersion:   Private-Geometry (6EACA3D4-40EC-4CC1-B786-8BED09428FC5): 3
LogDevObjectVersion:   Dev-AnimPhys (29E575DD-E0A3-4627-9D10-D276232CDCEA): 17
LogDevObjectVersion:   Dev-Anim (AF43A65D-7FD3-4947-9873-3E8ED9C1BB05): 2
LogDevObjectVersion:   Dev-ReflectionCapture (6B266CEC-1EC7-4B8F-A30B-E4D90942FC07): 1
LogDevObjectVersion:   Dev-Automation (0DF73D61-A23F-47EA-B727-89E90C41499A): 1
LogDevObjectVersion:   FortniteMain (601D1886-AC64-4F84-AA16-D3DE0DEAC7D6): 17
LogDevObjectVersion:   Dev-Enterprise (9DFFBCD6-494F-0158-E221-12823C92A888): 4
LogDevObjectVersion:   Dev-Niagara (F2AED0AC-9AFE-416F-8664-AA7FFA26D6FC): 1
LogStreaming: Display: Took  0.002s to delete old logs.
LogInit: Presizing for max 8388607 objects, including 0 objects not considered by GC, pre-allocating 0 bytes for permanent pool.
LogInit: Object subsystem initialized
LogConfig: Setting CVar [[con.DebugEarlyDefault:1]]
LogConfig: Setting CVar [[r.setres:1280x720]]
[2019.04.01-17.58.50:688][  0]LogConfig: Setting CVar [[r.VSync:0]]
[2019.04.01-17.58.50:688][  0]LogConfig: Setting CVar [[r.RHICmdBypass:0]]
[2019.04.01-17.58.50:688][  0]LogConfig: Applying CVar settings from Section [/Script/Engine.RendererSettings] File [C:/Users/Matth/OneDrive/Documents/GitHub/DogDaysOfFall_New/DogDaysOfFall/Saved/Config/Windows/Engine.ini]
[2019.04.01-17.58.50:688][  0]LogConfig: Setting CVar [[r.GPUCrashDebugging:0]]
[2019.04.01-17.58.50:688][  0]LogConfig: Setting CVar [[r.DefaultFeature.AutoExposure:0]]
[2019.04.01-17.58.50:688][  0]LogConfig: Applying CVar settings from Section [/Script/Engine.RendererOverrideSettings] File [C:/Users/Matth/OneDrive/Documents/GitHub/DogDaysOfFall_New/DogDaysOfFall/Saved/Config/Windows/Engine.ini]
[2019.04.01-17.58.50:688][  0]LogConfig: Applying CVar settings from Section [/Script/Engine.StreamingSettings] File [C:/Users/Matth/OneDrive/Documents/GitHub/DogDaysOfFall_New/DogDaysOfFall/Saved/Config/Windows/Engine.ini]
[2019.04.01-17.58.50:688][  0]LogConfig: Setting CVar [[s.MinBulkDataSizeForAsyncLoading:131072]]
[2019.04.01-17.58.50:688][  0]LogConfig: Setting CVar [[s.AsyncLoadingThreadEnabled:0]]
[2019.04.01-17.58.50:689][  0]LogConfig: Setting CVar [[s.EventDrivenLoaderEnabled:1]]
[2019.04.01-17.58.50:689][  0]LogConfig: Setting CVar [[s.WarnIfTimeLimitExceeded:0]]
[2019.04.01-17.58.50:689][  0]LogConfig: Setting CVar [[s.TimeLimitExceededMultiplier:1.5]]
[2019.04.01-17.58.50:689][  0]LogConfig: Setting CVar [[s.TimeLimitExceededMinTime:0.005]]
[2019.04.01-17.58.50:689][  0]LogConfig: Setting CVar [[s.UseBackgroundLevelStreaming:1]]
[2019.04.01-17.58.50:689][  0]LogConfig: Setting CVar [[s.PriorityAsyncLoadingExtraTime:15.0]]
[2019.04.01-17.58.50:689][  0]LogConfig: Setting CVar [[s.LevelStreamingActorsUpdateTimeLimit:5.0]]
[2019.04.01-17.58.50:689][  0]LogConfig: Setting CVar [[s.PriorityLevelStreamingActorsUpdateExtraTime:5.0]]
[2019.04.01-17.58.50:689][  0]LogConfig: Setting CVar [[s.LevelStreamingComponentsRegistrationGranularity:10]]
[2019.04.01-17.58.50:689][  0]LogConfig: Setting CVar [[s.UnregisterComponentsTimeLimit:1.0]]
[2019.04.01-17.58.50:689][  0]LogConfig: Setting CVar [[s.LevelStreamingComponentsUnregistrationGranularity:5]]
[2019.04.01-17.58.50:689][  0]LogConfig: Applying CVar settings from Section [/Script/Engine.GarbageCollectionSettings] File [C:/Users/Matth/OneDrive/Documents/GitHub/DogDaysOfFall_New/DogDaysOfFall/Saved/Config/Windows/Engine.ini]
[2019.04.01-17.58.50:689][  0]LogConfig: Setting CVar [[gc.MaxObjectsNotConsideredByGC:1]]
[2019.04.01-17.58.50:689][  0]LogConfig: Setting CVar [[gc.SizeOfPermanentObjectPool:0]]
[2019.04.01-17.58.50:689][  0]LogConfig: Setting CVar [[gc.FlushStreamingOnGC:0]]
[2019.04.01-17.58.50:689][  0]LogConfig: Setting CVar [[gc.NumRetriesBeforeForcingGC:10]]
[2019.04.01-17.58.50:689][  0]LogConfig: Setting CVar [[gc.AllowParallelGC:1]]
[2019.04.01-17.58.50:689][  0]LogConfig: Setting CVar [[gc.TimeBetweenPurgingPendingKillObjects:61.1]]
[2019.04.01-17.58.50:689][  0]LogConfig: Setting CVar [[gc.MaxObjectsInEditor:8388607]]
[2019.04.01-17.58.50:689][  0]LogConfig: Setting CVar [[gc.IncrementalBeginDestroyEnabled:1]]
[2019.04.01-17.58.50:689][  0]LogConfig: Setting CVar [[gc.CreateGCClusters:1]]
[2019.04.01-17.58.50:689][  0]LogConfig: Setting CVar [[gc.MergeGCClusters:0]]
[2019.04.01-17.58.50:689][  0]LogConfig: Setting CVar [[gc.MinGCClusterSize:5]]
[2019.04.01-17.58.50:689][  0]LogConfig: Setting CVar [[gc.ActorClusteringEnabled:0]]
[2019.04.01-17.58.50:689][  0]LogConfig: Setting CVar [[gc.BlueprintClusteringEnabled:0]]
[2019.04.01-17.58.50:689][  0]LogConfig: Setting CVar [[gc.UseDisregardForGCOnDedicatedServers:0]]
[2019.04.01-17.58.50:689][  0]LogConfig: Applying CVar settings from Section [/Script/Engine.NetworkSettings] File [C:/Users/Matth/OneDrive/Documents/GitHub/DogDaysOfFall_New/DogDaysOfFall/Saved/Config/Windows/Engine.ini]
[2019.04.01-17.58.50:689][  0]LogConfig: Applying CVar settings from Section [/Script/UnrealEd.CookerSettings] File [C:/Users/Matth/OneDrive/Documents/GitHub/DogDaysOfFall_New/DogDaysOfFall/Saved/Config/Windows/Engine.ini]
[2019.04.01-17.58.50:693][  0]LogConfig: Applying CVar settings from Section [ViewDistanceQuality@3] File [C:/Users/Matth/OneDrive/Documents/GitHub/DogDaysOfFall_New/DogDaysOfFall/Saved/Config/Windows/Scalability.ini]
[2019.04.01-17.58.50:693][  0]LogConfig: Setting CVar [[r.SkeletalMeshLODBias:0]]
[2019.04.01-17.58.50:693][  0]LogConfig: Setting CVar [[r.ViewDistanceScale:1.0]]
[2019.04.01-17.58.50:693][  0]LogConfig: Applying CVar settings from Section [AntiAliasingQuality@3] File [C:/Users/Matth/OneDrive/Documents/GitHub/DogDaysOfFall_New/DogDaysOfFall/Saved/Config/Windows/Scalability.ini]
[2019.04.01-17.58.50:693][  0]LogConfig: Setting CVar [[r.PostProcessAAQuality:4]]
[2019.04.01-17.58.50:693][  0]LogConfig: Applying CVar settings from Section [ShadowQuality@3] File [C:/Users/Matth/OneDrive/Documents/GitHub/DogDaysOfFall_New/DogDaysOfFall/Saved/Config/Windows/Scalability.ini]
[2019.04.01-17.58.50:693][  0]LogConfig: Setting CVar [[r.LightFunctionQuality:1]]
[2019.04.01-17.58.50:693][  0]LogConfig: Setting CVar [[r.ShadowQuality:5]]
[2019.04.01-17.58.50:693][  0]LogConfig: Setting CVar [[r.Shadow.CSM.MaxCascades:10]]
[2019.04.01-17.58.50:693][  0]LogConfig: Setting CVar [[r.Shadow.MaxResolution:2048]]
[2019.04.01-17.58.50:693][  0]LogConfig: Setting CVar [[r.Shadow.MaxCSMResolution:2048]]
[2019.04.01-17.58.50:693][  0]LogConfig: Setting CVar [[r.Shadow.RadiusThreshold:0.01]]
[2019.04.01-17.58.50:693][  0]LogConfig: Setting CVar [[r.Shadow.DistanceScale:1.0]]
[2019.04.01-17.58.50:693][  0]LogConfig: Setting CVar [[r.Shadow.CSM.TransitionScale:1.0]]
[2019.04.01-17.58.50:693][  0]LogConfig: Setting CVar [[r.Shadow.PreShadowResolutionFactor:1.0]]
[2019.04.01-17.58.50:693][  0]LogConfig: Setting CVar [[r.DistanceFieldShadowing:1]]
[2019.04.01-17.58.50:693][  0]LogConfig: Setting CVar [[r.DistanceFieldAO:1]]
[2019.04.01-17.58.50:693][  0]LogConfig: Setting CVar [[r.AOQuality:2]]
[2019.04.01-17.58.50:693][  0]LogConfig: Setting CVar [[r.VolumetricFog:1]]
[2019.04.01-17.58.50:693][  0]LogConfig: Setting CVar [[r.VolumetricFog.GridPixelSize:8]]
[2019.04.01-17.58.50:693][  0]LogConfig: Setting CVar [[r.VolumetricFog.GridSizeZ:128]]
[2019.04.01-17.58.50:693][  0]LogConfig: Setting CVar [[r.VolumetricFog.HistoryMissSupersampleCount:4]]
[2019.04.01-17.58.50:693][  0]LogConfig: Setting CVar [[r.LightMaxDrawDistanceScale:1]]
[2019.04.01-17.58.50:693][  0]LogConfig: Setting CVar [[r.CapsuleShadows:1]]
[2019.04.01-17.58.50:693][  0]LogConfig: Applying CVar settings from Section [PostProcessQuality@3] File [C:/Users/Matth/OneDrive/Documents/GitHub/DogDaysOfFall_New/DogDaysOfFall/Saved/Config/Windows/Scalability.ini]
[2019.04.01-17.58.50:693][  0]LogConfig: Setting CVar [[r.MotionBlurQuality:4]]
[2019.04.01-17.58.50:693][  0]LogConfig: Setting CVar [[r.AmbientOcclusionMipLevelFactor:0.4]]
[2019.04.01-17.58.50:693][  0]LogConfig: Setting CVar [[r.AmbientOcclusionMaxQuality:100]]
[2019.04.01-17.58.50:693][  0]LogConfig: Setting CVar [[r.AmbientOcclusionLevels:-1]]
[2019.04.01-17.58.50:693][  0]LogConfig: Setting CVar [[r.AmbientOcclusionRadiusScale:1.0]]
[2019.04.01-17.58.50:693][  0]LogConfig: Setting CVar [[r.DepthOfFieldQuality:2]]
[2019.04.01-17.58.50:693][  0]LogConfig: Setting CVar [[r.RenderTargetPoolMin:400]]
[2019.04.01-17.58.50:693][  0]LogConfig: Setting CVar [[r.LensFlareQuality:2]]
[2019.04.01-17.58.50:693][  0]LogConfig: Setting CVar [[r.SceneColorFringeQuality:1]]
[2019.04.01-17.58.50:693][  0]LogConfig: Setting CVar [[r.EyeAdaptationQuality:2]]
[2019.04.01-17.58.50:693][  0]LogConfig: Setting CVar [[r.BloomQuality:5]]
[2019.04.01-17.58.50:693][  0]LogConfig: Setting CVar [[r.FastBlurThreshold:100]]
[2019.04.01-17.58.50:693][  0]LogConfig: Setting CVar [[r.Upscale.Quality:3]]
[2019.04.01-17.58.50:693][  0]LogConfig: Setting CVar [[r.Tonemapper.GrainQuantization:1]]
[2019.04.01-17.58.50:693][  0]LogConfig: Setting CVar [[r.LightShaftQuality:1]]
[2019.04.01-17.58.50:693][  0]LogConfig: Setting CVar [[r.Filter.SizeScale:1]]
[2019.04.01-17.58.50:693][  0]LogConfig: Setting CVar [[r.Tonemapper.Quality:5]]
[2019.04.01-17.58.50:693][  0]LogConfig: Setting CVar [[r.DOF.Gather.AccumulatorQuality:1        ; higher gathering accumulator quality]]
[2019.04.01-17.58.50:693][  0]LogConfig: Setting CVar [[r.DOF.Gather.PostfilterMethod:1          ; Median3x3 postfilering method]]
[2019.04.01-17.58.50:693][  0]LogConfig: Setting CVar [[r.DOF.Gather.EnableBokehSettings:0       ; no bokeh simulation when gathering]]
[2019.04.01-17.58.50:693][  0]LogConfig: Setting CVar [[r.DOF.Gather.RingCount:4                 ; medium number of samples when gathering]]
[2019.04.01-17.58.50:693][  0]LogConfig: Setting CVar [[r.DOF.Scatter.ForegroundCompositing:1    ; additive foreground scattering]]
[2019.04.01-17.58.50:693][  0]LogConfig: Setting CVar [[r.DOF.Scatter.BackgroundCompositing:2    ; additive background scattering]]
[2019.04.01-17.58.50:693][  0]LogConfig: Setting CVar [[r.DOF.Scatter.EnableBokehSettings:1      ; bokeh simulation when scattering]]
[2019.04.01-17.58.50:693][  0]LogConfig: Setting CVar [[r.DOF.Scatter.MaxSpriteRatio:0.1         ; only a maximum of 10% of scattered bokeh]]
[2019.04.01-17.58.50:693][  0]LogConfig: Setting CVar [[r.DOF.Recombine.Quality:1                ; cheap slight out of focus]]
[2019.04.01-17.58.50:693][  0]LogConfig: Setting CVar [[r.DOF.Recombine.EnableBokehSettings:0    ; no bokeh simulation on slight out of focus]]
[2019.04.01-17.58.50:693][  0]LogConfig: Setting CVar [[r.DOF.TemporalAAQuality:1                ; more stable temporal accumulation]]
[2019.04.01-17.58.50:693][  0]LogConfig: Setting CVar [[r.DOF.Kernel.MaxForegroundRadius:0.025]]
[2019.04.01-17.58.50:693][  0]LogConfig: Setting CVar [[r.DOF.Kernel.MaxBackgroundRadius:0.025]]
[2019.04.01-17.58.50:693][  0]LogConfig: Applying CVar settings from Section [TextureQuality@3] File [C:/Users/Matth/OneDrive/Documents/GitHub/DogDaysOfFall_New/DogDaysOfFall/Saved/Config/Windows/Scalability.ini]
[2019.04.01-17.58.50:693][  0]LogConfig: Setting CVar [[r.Streaming.MipBias:0]]
[2019.04.01-17.58.50:693][  0]LogConfig: Setting CVar [[r.Streaming.AmortizeCPUToGPUCopy:0]]
[2019.04.01-17.58.50:693][  0]LogConfig: Setting CVar [[r.Streaming.MaxNumTexturesToStreamPerFrame:0]]
[2019.04.01-17.58.50:693][  0]LogConfig: Setting CVar [[r.Streaming.Boost:1]]
[2019.04.01-17.58.50:693][  0]LogConfig: Setting CVar [[r.MaxAnisotropy:8]]
[2019.04.01-17.58.50:693][  0]LogConfig: Setting CVar [[r.Streaming.LimitPoolSizeToVRAM:0]]
[2019.04.01-17.58.50:693][  0]LogConfig: Setting CVar [[r.Streaming.PoolSize:1000]]
[2019.04.01-17.58.50:693][  0]LogConfig: Setting CVar [[r.Streaming.MaxEffectiveScreenSize:0]]
[2019.04.01-17.58.50:694][  0]LogConfig: Applying CVar settings from Section [EffectsQuality@3] File [C:/Users/Matth/OneDrive/Documents/GitHub/DogDaysOfFall_New/DogDaysOfFall/Saved/Config/Windows/Scalability.ini]
[2019.04.01-17.58.50:694][  0]LogConfig: Setting CVar [[r.TranslucencyLightingVolumeDim:64]]
[2019.04.01-17.58.50:694][  0]LogConfig: Setting CVar [[r.RefractionQuality:2]]
[2019.04.01-17.58.50:694][  0]LogConfig: Setting CVar [[r.SSR.Quality:3]]
[2019.04.01-17.58.50:694][  0]LogConfig: Setting CVar [[r.SceneColorFormat:4]]
[2019.04.01-17.58.50:694][  0]LogConfig: Setting CVar [[r.DetailMode:2]]
[2019.04.01-17.58.50:694][  0]LogConfig: Setting CVar [[r.TranslucencyVolumeBlur:1]]
[2019.04.01-17.58.50:694][  0]LogConfig: Setting CVar [[r.MaterialQualityLevel:1 ; High quality]]
[2019.04.01-17.58.50:694][  0]LogConfig: Setting CVar [[r.SSS.Scale:1]]
[2019.04.01-17.58.50:694][  0]LogConfig: Setting CVar [[r.SSS.SampleSet:2]]
[2019.04.01-17.58.50:694][  0]LogConfig: Setting CVar [[r.SSS.Quality:1]]
[2019.04.01-17.58.50:694][  0]LogConfig: Setting CVar [[r.SSS.HalfRes:1]]
[2019.04.01-17.58.50:694][  0]LogConfig: Setting CVar [[r.EmitterSpawnRateScale:1.0]]
[2019.04.01-17.58.50:694][  0]LogConfig: Setting CVar [[r.ParticleLightQuality:2]]
[2019.04.01-17.58.50:694][  0]LogConfig: Applying CVar settings from Section [FoliageQuality@3] File [C:/Users/Matth/OneDrive/Documents/GitHub/DogDaysOfFall_New/DogDaysOfFall/Saved/Config/Windows/Scalability.ini]
[2019.04.01-17.58.50:694][  0]LogConfig: Setting CVar [[foliage.DensityScale:1.0]]
[2019.04.01-17.58.50:694][  0]LogConfig: Setting CVar [[grass.DensityScale:1.0]]
[2019.04.01-17.58.50:694][  0]LogInit: Selected Device Profile: [Windows]
[2019.04.01-17.58.50:694][  0]LogInit: Applying CVar settings loaded from the selected device profile: [Windows]
[2019.04.01-17.58.50:709][  0]LogHAL: Display: Platform has ~ 16 GB [17053204480 / 17179869184 / 16], which maps to Larger [LargestMinGB=32, LargerMinGB=12, DefaultMinGB=8, SmallerMinGB=6, SmallestMinGB=0)
[2019.04.01-17.58.50:709][  0]LogConfig: Setting CVar [[r.Vulkan.UseRealUBs:1]]
[2019.04.01-17.58.50:709][  0]LogInit: Going up to parent DeviceProfile []
[2019.04.01-17.58.50:709][  0]LogConfig: Applying CVar settings from Section [ViewDistanceQuality@3] File [C:/Users/Matth/OneDrive/Documents/GitHub/DogDaysOfFall_New/DogDaysOfFall/Saved/Config/Windows/Scalability.ini]
[2019.04.01-17.58.50:709][  0]LogConfig: Setting CVar [[r.SkeletalMeshLODBias:0]]
[2019.04.01-17.58.50:709][  0]LogConfig: Setting CVar [[r.ViewDistanceScale:1.0]]
[2019.04.01-17.58.50:709][  0]LogConfig: Applying CVar settings from Section [AntiAliasingQuality@3] File [C:/Users/Matth/OneDrive/Documents/GitHub/DogDaysOfFall_New/DogDaysOfFall/Saved/Config/Windows/Scalability.ini]
[2019.04.01-17.58.50:709][  0]LogConfig: Setting CVar [[r.PostProcessAAQuality:4]]
[2019.04.01-17.58.50:709][  0]LogConfig: Applying CVar settings from Section [ShadowQuality@3] File [C:/Users/Matth/OneDrive/Documents/GitHub/DogDaysOfFall_New/DogDaysOfFall/Saved/Config/Windows/Scalability.ini]
[2019.04.01-17.58.50:709][  0]LogConfig: Setting CVar [[r.LightFunctionQuality:1]]
[2019.04.01-17.58.50:709][  0]LogConfig: Setting CVar [[r.ShadowQuality:5]]
[2019.04.01-17.58.50:709][  0]LogConfig: Setting CVar [[r.Shadow.CSM.MaxCascades:10]]
[2019.04.01-17.58.50:709][  0]LogConfig: Setting CVar [[r.Shadow.MaxResolution:2048]]
[2019.04.01-17.58.50:709][  0]LogConfig: Setting CVar [[r.Shadow.MaxCSMResolution:2048]]
[2019.04.01-17.58.50:709][  0]LogConfig: Setting CVar [[r.Shadow.RadiusThreshold:0.01]]
[2019.04.01-17.58.50:709][  0]LogConfig: Setting CVar [[r.Shadow.DistanceScale:1.0]]
[2019.04.01-17.58.50:709][  0]LogConfig: Setting CVar [[r.Shadow.CSM.TransitionScale:1.0]]
[2019.04.01-17.58.50:709][  0]LogConfig: Setting CVar [[r.Shadow.PreShadowResolutionFactor:1.0]]
[2019.04.01-17.58.50:709][  0]LogConfig: Setting CVar [[r.DistanceFieldShadowing:1]]
[2019.04.01-17.58.50:709][  0]LogConfig: Setting CVar [[r.DistanceFieldAO:1]]
[2019.04.01-17.58.50:709][  0]LogConfig: Setting CVar [[r.AOQuality:2]]
[2019.04.01-17.58.50:709][  0]LogConfig: Setting CVar [[r.VolumetricFog:1]]
[2019.04.01-17.58.50:709][  0]LogConfig: Setting CVar [[r.VolumetricFog.GridPixelSize:8]]
[2019.04.01-17.58.50:709][  0]LogConfig: Setting CVar [[r.VolumetricFog.GridSizeZ:128]]
[2019.04.01-17.58.50:709][  0]LogConfig: Setting CVar [[r.VolumetricFog.HistoryMissSupersampleCount:4]]
[2019.04.01-17.58.50:709][  0]LogConfig: Setting CVar [[r.LightMaxDrawDistanceScale:1]]
[2019.04.01-17.58.50:709][  0]LogConfig: Setting CVar [[r.CapsuleShadows:1]]
[2019.04.01-17.58.50:709][  0]LogConfig: Applying CVar settings from Section [PostProcessQuality@3] File [C:/Users/Matth/OneDrive/Documents/GitHub/DogDaysOfFall_New/DogDaysOfFall/Saved/Config/Windows/Scalability.ini]
[2019.04.01-17.58.50:709][  0]LogConfig: Setting CVar [[r.MotionBlurQuality:4]]
[2019.04.01-17.58.50:709][  0]LogConfig: Setting CVar [[r.AmbientOcclusionMipLevelFactor:0.4]]
[2019.04.01-17.58.50:709][  0]LogConfig: Setting CVar [[r.AmbientOcclusionMaxQuality:100]]
[2019.04.01-17.58.50:709][  0]LogConfig: Setting CVar [[r.AmbientOcclusionLevels:-1]]
[2019.04.01-17.58.50:709][  0]LogConfig: Setting CVar [[r.AmbientOcclusionRadiusScale:1.0]]
[2019.04.01-17.58.50:709][  0]LogConfig: Setting CVar [[r.DepthOfFieldQuality:2]]
[2019.04.01-17.58.50:709][  0]LogConfig: Setting CVar [[r.RenderTargetPoolMin:400]]
[2019.04.01-17.58.50:709][  0]LogConfig: Setting CVar [[r.LensFlareQuality:2]]
[2019.04.01-17.58.50:709][  0]LogConfig: Setting CVar [[r.SceneColorFringeQuality:1]]
[2019.04.01-17.58.50:709][  0]LogConfig: Setting CVar [[r.EyeAdaptationQuality:2]]
[2019.04.01-17.58.50:709][  0]LogConfig: Setting CVar [[r.BloomQuality:5]]
[2019.04.01-17.58.50:709][  0]LogConfig: Setting CVar [[r.FastBlurThreshold:100]]
[2019.04.01-17.58.50:709][  0]LogConfig: Setting CVar [[r.Upscale.Quality:3]]
[2019.04.01-17.58.50:709][  0]LogConfig: Setting CVar [[r.Tonemapper.GrainQuantization:1]]
[2019.04.01-17.58.50:709][  0]LogConfig: Setting CVar [[r.LightShaftQuality:1]]
[2019.04.01-17.58.50:709][  0]LogConfig: Setting CVar [[r.Filter.SizeScale:1]]
[2019.04.01-17.58.50:709][  0]LogConfig: Setting CVar [[r.Tonemapper.Quality:5]]
[2019.04.01-17.58.50:709][  0]LogConfig: Setting CVar [[r.DOF.Gather.AccumulatorQuality:1        ; higher gathering accumulator quality]]
[2019.04.01-17.58.50:709][  0]LogConfig: Setting CVar [[r.DOF.Gather.PostfilterMethod:1          ; Median3x3 postfilering method]]
[2019.04.01-17.58.50:709][  0]LogConfig: Setting CVar [[r.DOF.Gather.EnableBokehSettings:0       ; no bokeh simulation when gathering]]
[2019.04.01-17.58.50:709][  0]LogConfig: Setting CVar [[r.DOF.Gather.RingCount:4                 ; medium number of samples when gathering]]
[2019.04.01-17.58.50:709][  0]LogConfig: Setting CVar [[r.DOF.Scatter.ForegroundCompositing:1    ; additive foreground scattering]]
[2019.04.01-17.58.50:709][  0]LogConfig: Setting CVar [[r.DOF.Scatter.BackgroundCompositing:2    ; additive background scattering]]
[2019.04.01-17.58.50:709][  0]LogConfig: Setting CVar [[r.DOF.Scatter.EnableBokehSettings:1      ; bokeh simulation when scattering]]
[2019.04.01-17.58.50:709][  0]LogConfig: Setting CVar [[r.DOF.Scatter.MaxSpriteRatio:0.1         ; only a maximum of 10% of scattered bokeh]]
[2019.04.01-17.58.50:709][  0]LogConfig: Setting CVar [[r.DOF.Recombine.Quality:1                ; cheap slight out of focus]]
[2019.04.01-17.58.50:709][  0]LogConfig: Setting CVar [[r.DOF.Recombine.EnableBokehSettings:0    ; no bokeh simulation on slight out of focus]]
[2019.04.01-17.58.50:709][  0]LogConfig: Setting CVar [[r.DOF.TemporalAAQuality:1                ; more stable temporal accumulation]]
[2019.04.01-17.58.50:709][  0]LogConfig: Setting CVar [[r.DOF.Kernel.MaxForegroundRadius:0.025]]
[2019.04.01-17.58.50:709][  0]LogConfig: Setting CVar [[r.DOF.Kernel.MaxBackgroundRadius:0.025]]
[2019.04.01-17.58.50:709][  0]LogConfig: Applying CVar settings from Section [TextureQuality@3] File [C:/Users/Matth/OneDrive/Documents/GitHub/DogDaysOfFall_New/DogDaysOfFall/Saved/Config/Windows/Scalability.ini]
[2019.04.01-17.58.50:709][  0]LogConfig: Setting CVar [[r.Streaming.MipBias:0]]
[2019.04.01-17.58.50:709][  0]LogConfig: Setting CVar [[r.Streaming.AmortizeCPUToGPUCopy:0]]
[2019.04.01-17.58.50:709][  0]LogConfig: Setting CVar [[r.Streaming.MaxNumTexturesToStreamPerFrame:0]]
[2019.04.01-17.58.50:709][  0]LogConfig: Setting CVar [[r.Streaming.Boost:1]]
[2019.04.01-17.58.50:710][  0]LogConfig: Setting CVar [[r.MaxAnisotropy:8]]
[2019.04.01-17.58.50:710][  0]LogConfig: Setting CVar [[r.Streaming.LimitPoolSizeToVRAM:0]]
[2019.04.01-17.58.50:710][  0]LogConfig: Setting CVar [[r.Streaming.PoolSize:1000]]
[2019.04.01-17.58.50:710][  0]LogConfig: Setting CVar [[r.Streaming.MaxEffectiveScreenSize:0]]
[2019.04.01-17.58.50:710][  0]LogConfig: Applying CVar settings from Section [EffectsQuality@3] File [C:/Users/Matth/OneDrive/Documents/GitHub/DogDaysOfFall_New/DogDaysOfFall/Saved/Config/Windows/Scalability.ini]
[2019.04.01-17.58.50:710][  0]LogConfig: Setting CVar [[r.TranslucencyLightingVolumeDim:64]]
[2019.04.01-17.58.50:710][  0]LogConfig: Setting CVar [[r.RefractionQuality:2]]
[2019.04.01-17.58.50:710][  0]LogConfig: Setting CVar [[r.SSR.Quality:3]]
[2019.04.01-17.58.50:710][  0]LogConfig: Setting CVar [[r.SceneColorFormat:4]]
[2019.04.01-17.58.50:710][  0]LogConfig: Setting CVar [[r.DetailMode:2]]
[2019.04.01-17.58.50:710][  0]LogConfig: Setting CVar [[r.TranslucencyVolumeBlur:1]]
[2019.04.01-17.58.50:710][  0]LogConfig: Setting CVar [[r.MaterialQualityLevel:1 ; High quality]]
[2019.04.01-17.58.50:710][  0]LogConfig: Setting CVar [[r.SSS.Scale:1]]
[2019.04.01-17.58.50:710][  0]LogConfig: Setting CVar [[r.SSS.SampleSet:2]]
[2019.04.01-17.58.50:710][  0]LogConfig: Setting CVar [[r.SSS.Quality:1]]
[2019.04.01-17.58.50:710][  0]LogConfig: Setting CVar [[r.SSS.HalfRes:1]]
[2019.04.01-17.58.50:710][  0]LogConfig: Setting CVar [[r.EmitterSpawnRateScale:1.0]]
[2019.04.01-17.58.50:710][  0]LogConfig: Setting CVar [[r.ParticleLightQuality:2]]
[2019.04.01-17.58.50:710][  0]LogConfig: Applying CVar settings from Section [FoliageQuality@3] File [C:/Users/Matth/OneDrive/Documents/GitHub/DogDaysOfFall_New/DogDaysOfFall/Saved/Config/Windows/Scalability.ini]
[2019.04.01-17.58.50:710][  0]LogConfig: Setting CVar [[foliage.DensityScale:1.0]]
[2019.04.01-17.58.50:710][  0]LogConfig: Setting CVar [[grass.DensityScale:1.0]]
[2019.04.01-17.58.50:710][  0]LogConfig: Applying CVar settings from Section [Startup] File [../../../Engine/Config/ConsoleVariables.ini]
[2019.04.01-17.58.50:710][  0]LogConfig: Setting CVar [[net.UseAdaptiveNetUpdateFrequency:0]]
[2019.04.01-17.58.50:710][  0]LogConfig: Applying CVar settings from Section [ConsoleVariables] File [C:/Users/Matth/OneDrive/Documents/GitHub/DogDaysOfFall_New/DogDaysOfFall/Saved/Config/Windows/Engine.ini]
[2019.04.01-17.58.50:710][  0]LogInit: Computer: MATTS-BEEFY-BOI
[2019.04.01-17.58.50:710][  0]LogInit: User: Matth
[2019.04.01-17.58.50:710][  0]LogInit: CPU Page size=4096, Cores=4
[2019.04.01-17.58.50:710][  0]LogInit: High frequency timer resolution =2.742186 MHz
[2019.04.01-17.58.50:711][  0]LogMemory: Memory total: Physical=15.9GB (16GB approx)
[2019.04.01-17.58.50:711][  0]LogMemory: Platform Memory Stats for Windows
[2019.04.01-17.58.50:711][  0]LogMemory: Process Physical Memory: 103.21 MB used, 103.21 MB peak
[2019.04.01-17.58.50:711][  0]LogMemory: Process Virtual Memory: 93.70 MB used, 93.70 MB peak
[2019.04.01-17.58.50:711][  0]LogMemory: Physical Memory: 7966.66 MB used,  8296.54 MB free, 16263.20 MB total
[2019.04.01-17.58.50:711][  0]LogMemory: Virtual Memory: 4654.79 MB used,  134213072.00 MB free, 134217728.00 MB total
[2019.04.01-17.58.50:743][  0]LogInit: Using OS detected language (en-US).
[2019.04.01-17.58.50:743][  0]LogInit: Using OS detected locale (en-US).
[2019.04.01-17.58.50:744][  0]LogTextLocalizationManager: No specific localization for 'en-US' exists, so the 'en' localization will be used.
[2019.04.01-17.58.51:208][  0]LogStreaming: Display: Took  0.464s to InitEngineTextLocalization.
[2019.04.01-17.58.51:208][  0]LogInit: Setting process to per monitor DPI aware
[2019.04.01-17.58.51:258][  0]LogSlate: New Slate User Created.  User Index 0, Is Virtual User: 0
[2019.04.01-17.58.51:258][  0]LogSlate: Slate User Registered.  User Index 0, Is Virtual User: 0
[2019.04.01-17.58.51:498][  0]LogHMD: Failed to initialize OpenVR with code 110
[2019.04.01-17.58.51:498][  0]LogD3D11RHI: D3D11 adapters:
[2019.04.01-17.58.51:585][  0]LogD3D11RHI:    0. 'NVIDIA Quadro P5000' (Feature Level 11_0)
[2019.04.01-17.58.51:585][  0]LogD3D11RHI:       16257/0/8131 MB DedicatedVideo/DedicatedSystem/SharedSystem, Outputs:1, VendorId:0x10de
[2019.04.01-17.58.51:602][  0]LogD3D11RHI:    1. 'Intel(R) HD Graphics 630' (Feature Level 11_0)
[2019.04.01-17.58.51:602][  0]LogD3D11RHI:       128/0/8131 MB DedicatedVideo/DedicatedSystem/SharedSystem, Outputs:0, VendorId:0x8086
[2019.04.01-17.58.51:604][  0]LogD3D11RHI:    2. 'Microsoft Basic Render Driver' (Feature Level 11_0)
[2019.04.01-17.58.51:604][  0]LogD3D11RHI:       0/0/8131 MB DedicatedVideo/DedicatedSystem/SharedSystem, Outputs:0, VendorId:0x1414
[2019.04.01-17.58.51:604][  0]LogD3D11RHI: Chosen D3D11 Adapter: 0
[2019.04.01-17.58.51:635][  0]LogD3D11RHI: Creating new Direct3DDevice
[2019.04.01-17.58.51:636][  0]LogD3D11RHI:     GPU DeviceId: 0x1bb6 (for the marketing name, search the web for "GPU Device Id")
[2019.04.01-17.58.51:636][  0]LogWindows: EnumDisplayDevices:
[2019.04.01-17.58.51:636][  0]LogWindows:    0. 'Intel(R) HD Graphics 630' (P:1 D:1)
[2019.04.01-17.58.51:636][  0]LogWindows:    1. 'Intel(R) HD Graphics 630' (P:0 D:0)
[2019.04.01-17.58.51:637][  0]LogWindows:    2. 'Intel(R) HD Graphics 630' (P:0 D:0)
[2019.04.01-17.58.51:639][  0]LogWindows:    3. 'NVIDIA Quadro P5000' (P:0 D:0)
[2019.04.01-17.58.51:639][  0]LogWindows:    4. 'NVIDIA Quadro P5000' (P:0 D:0)
[2019.04.01-17.58.51:640][  0]LogWindows:    5. 'NVIDIA Quadro P5000' (P:0 D:0)
[2019.04.01-17.58.51:640][  0]LogWindows:    6. 'NVIDIA Quadro P5000' (P:0 D:0)
[2019.04.01-17.58.51:641][  0]LogWindows: DebugString: PrimaryIsNotTheChoosenAdapter PrimaryIsNotTheChoosenAdapter PrimaryIsNotTheChoosenAdapter FoundDriverCount:4 
[2019.04.01-17.58.51:641][  0]LogD3D11RHI:     Adapter Name: NVIDIA Quadro P5000
[2019.04.01-17.58.51:641][  0]LogD3D11RHI:   Driver Version: 391.25 (internal:23.21.13.9125, unified:391.25)
[2019.04.01-17.58.51:641][  0]LogD3D11RHI:      Driver Date: 3-16-2018
[2019.04.01-17.58.51:641][  0]LogRHI: Texture pool is 11379 MB (70% of 16257 MB)
[2019.04.01-17.58.51:681][  0]LogD3D11RHI: Async texture creation enabled
[2019.04.01-17.58.51:700][  0]LogD3D11RHI: GPU Timing Frequency: 1000.000000 (Debug: 2 2)
[2019.04.01-17.58.52:088][  0]LogTemp: Display: Loaded TP AllDesktopTargetPlatform
[2019.04.01-17.58.52:102][  0]LogTemp: Display: Loaded TP MacClientTargetPlatform
[2019.04.01-17.58.52:119][  0]LogTemp: Display: Loaded TP MacNoEditorTargetPlatform
[2019.04.01-17.58.52:133][  0]LogTemp: Display: Loaded TP MacServerTargetPlatform
[2019.04.01-17.58.52:148][  0]LogTemp: Display: Loaded TP MacTargetPlatform
[2019.04.01-17.58.52:161][  0]LogTemp: Display: Loaded TP WindowsClientTargetPlatform
[2019.04.01-17.58.52:177][  0]LogTemp: Display: Loaded TP WindowsNoEditorTargetPlatform
[2019.04.01-17.58.52:189][  0]LogTemp: Display: Loaded TP WindowsServerTargetPlatform
[2019.04.01-17.58.52:197][  0]LogTemp: Display: Loaded TP WindowsTargetPlatform
[2019.04.01-17.58.52:285][  0]LogTemp: Display: Loaded TP AndroidTargetPlatform
[2019.04.01-17.58.52:285][  0]LogTemp: Display: Loaded TP AndroidTargetPlatform
[2019.04.01-17.58.52:285][  0]LogTemp: Display: Loaded TP AndroidTargetPlatform
[2019.04.01-17.58.52:285][  0]LogTemp: Display: Loaded TP AndroidTargetPlatform
[2019.04.01-17.58.52:286][  0]LogTemp: Display: Loaded TP AndroidTargetPlatform
[2019.04.01-17.58.52:286][  0]LogTemp: Display: Loaded TP AndroidTargetPlatform
[2019.04.01-17.58.52:286][  0]LogTemp: Display: Loaded TP AndroidTargetPlatform
[2019.04.01-17.58.52:286][  0]LogTemp: Display: Loaded TP AndroidTargetPlatform
[2019.04.01-17.58.52:286][  0]LogTemp: Display: Loaded TP AndroidTargetPlatform
[2019.04.01-17.58.52:286][  0]LogTemp: Display: Loaded TP AndroidTargetPlatform
[2019.04.01-17.58.52:286][  0]LogTemp: Display: Loaded TP AndroidTargetPlatform
[2019.04.01-17.58.52:286][  0]LogTemp: Display: Loaded TP AndroidTargetPlatform
[2019.04.01-17.58.52:286][  0]LogTemp: Display: Loaded TP AndroidTargetPlatform
[2019.04.01-17.58.52:286][  0]LogTemp: Display: Loaded TP AndroidTargetPlatform
[2019.04.01-17.58.52:286][  0]LogTemp: Display: Loaded TP AndroidTargetPlatform
[2019.04.01-17.58.52:286][  0]LogTemp: Display: Loaded TP AndroidTargetPlatform
[2019.04.01-17.58.52:286][  0]LogTemp: Display: Loaded TP AndroidTargetPlatform
[2019.04.01-17.58.52:286][  0]LogTemp: Display: Loaded TP AndroidTargetPlatform
[2019.04.01-17.58.52:288][  0]LogTemp: Display: Loaded TP HTML5TargetPlatform
[2019.04.01-17.58.52:355][  0]LogTemp: Display: Loaded TP IOSTargetPlatform
[2019.04.01-17.58.52:355][  0]LogTemp: Display: Loaded TP IOSTargetPlatform
[2019.04.01-17.58.52:380][  0]LogTemp: Display: Loaded TP TVOSTargetPlatform
[2019.04.01-17.58.52:380][  0]LogTemp: Display: Loaded TP TVOSTargetPlatform
[2019.04.01-17.58.52:392][  0]LogTemp: Display: Loaded TP LinuxClientTargetPlatform
[2019.04.01-17.58.52:411][  0]LogTemp: Display: Loaded TP LinuxNoEditorTargetPlatform
[2019.04.01-17.58.52:423][  0]LogTemp: Display: Loaded TP LinuxServerTargetPlatform
[2019.04.01-17.58.52:439][  0]LogTemp: Display: Loaded TP LinuxTargetPlatform
[2019.04.01-17.58.52:485][  0]LogTemp: Display: Loaded TP LuminTargetPlatform
[2019.04.01-17.58.52:485][  0]LogTemp: Display: Loaded TP LuminTargetPlatform
[2019.04.01-17.58.52:485][  0]LogTargetPlatformManager: Display: Building Assets For Windows
[2019.04.01-17.58.52:543][  0]LogShaderCompilers: Guid format shader working directory is -41 characters bigger than the processId version (../../../../../../Users/Matth/OneDrive/Documents/GitHub/DogDaysOfFall_New/DogDaysOfFall/Intermediate/Shaders/WorkingDirectory/4944/).
[2019.04.01-17.58.52:543][  0]LogShaderCompilers: Cleaned the shader compiler working directory 'C:/Users/Matth/AppData/Local/Temp/UnrealShaderWorkingDir/F47D22404BDBC155D906D3AF208CFB70/'.
[2019.04.01-17.58.52:545][  0]LogXGEController: Cleaning working directory: C:/Users/Matth/AppData/Local/Temp/UnrealXGEWorkingDir/
[2019.04.01-17.58.52:545][  0]LogXGEController: Cannot use XGE Controller as Incredibuild is not installed on this machine.
[2019.04.01-17.58.52:545][  0]LogShaderCompilers: Cannot use XGE Shader Compiler as Incredibuild is not installed on this machine.
[2019.04.01-17.58.52:545][  0]LogShaderCompilers: Display: Using Local Shader Compiler.
[2019.04.01-17.58.53:146][  0]LogDerivedDataCache: Display: Max Cache Size: 512 MB
[2019.04.01-17.58.53:212][  0]LogDerivedDataCache: Loaded boot cache 0.07s 71MB C:/Users/Matth/AppData/Local/UnrealEngine/4.21/DerivedDataCache/Boot.ddc.
[2019.04.01-17.58.53:212][  0]LogDerivedDataCache: Display: Loaded Boot cache: C:/Users/Matth/AppData/Local/UnrealEngine/4.21/DerivedDataCache/Boot.ddc
[2019.04.01-17.58.53:212][  0]LogDerivedDataCache: FDerivedDataBackendGraph:  Pak pak cache file ../../../../../../Users/Matth/OneDrive/Documents/GitHub/DogDaysOfFall_New/DogDaysOfFall/DerivedDataCache/DDC.ddp not found, will not use a pak cache.
[2019.04.01-17.58.53:212][  0]LogDerivedDataCache: Unable to find inner node Pak for hierarchical cache Hierarchy.
[2019.04.01-17.58.53:212][  0]LogDerivedDataCache: FDerivedDataBackendGraph:  CompressedPak pak cache file ../../../../../../Users/Matth/OneDrive/Documents/GitHub/DogDaysOfFall_New/DogDaysOfFall/DerivedDataCache/Compressed.ddp not found, will not use a pak cache.
[2019.04.01-17.58.53:212][  0]LogDerivedDataCache: Unable to find inner node CompressedPak for hierarchical cache Hierarchy.
[2019.04.01-17.58.53:234][  0]LogDerivedDataCache: Display: Pak cache opened for reading ../../../Engine/DerivedDataCache/Compressed.ddp.
[2019.04.01-17.58.53:234][  0]LogDerivedDataCache: FDerivedDataBackendGraph:  EnterprisePak pak cache file ../../../Enterprise/DerivedDataCache/Compressed.ddp not found, will not use a pak cache.
[2019.04.01-17.58.53:235][  0]LogDerivedDataCache: Unable to find inner node EnterprisePak for hierarchical cache Hierarchy.
[2019.04.01-17.58.53:248][  0]LogDerivedDataCache: Using Local data cache path C:/Users/Matth/AppData/Local/UnrealEngine/Common/DerivedDataCache: Writable
[2019.04.01-17.58.53:248][  0]LogDerivedDataCache: Shared data cache path not found in *engine.ini, will not use an Shared cache.
[2019.04.01-17.58.53:248][  0]LogDerivedDataCache: Unable to find inner node Shared for hierarchical cache Hierarchy.
[2019.04.01-17.58.53:278][  0]LogMaterial: Verifying Global Shaders for PCD3D_SM5
[2019.04.01-17.58.53:280][  0]LogSlate: Using FreeType 2.6.0
[2019.04.01-17.58.53:281][  0]LogSlate: SlateFontServices - WITH_FREETYPE: 1, WITH_HARFBUZZ: 1
[2019.04.01-17.58.53:386][  0]LogAssetRegistry: FAssetRegistry took 0.0361 seconds to start up
[2019.04.01-17.58.53:796][  0]LogInit: Selected Device Profile: [Windows]
[2019.04.01-17.58.53:972][  0]LogSimplygon: Simplygon DLL not present - disabling.
[2019.04.01-17.58.53:976][  0]LogMeshReduction: Using SimplygonSwarm for distributed automatic mesh merging
[2019.04.01-17.58.53:976][  0]LogMeshReduction: Using ProxyLODMeshReduction for automatic mesh merging
[2019.04.01-17.58.53:976][  0]LogMeshReduction: Using QuadricMeshReduction for automatic static mesh reduction
[2019.04.01-17.58.53:976][  0]LogMeshReduction: No automatic skeletal mesh reduction module available
[2019.04.01-17.58.53:994][  0]LogNetVersion: DogDaysOfFall 1.0.0, NetCL: 4541578, EngineNetVer: 5, GameNetVer: 0 (Checksum: 1062122466)
[2019.04.01-17.58.54:645][  0]LogPackageLocalizationCache: Processed 11 localized package path(s) for 2 prioritized culture(s) in 0.114367 seconds
[2019.04.01-17.58.54:652][  0]LogUObjectArray: 39775 objects as part of root set at end of initial load.
[2019.04.01-17.58.54:652][  0]LogUObjectAllocator: 6914656 out of 0 bytes used by permanent object pool.
[2019.04.01-17.58.54:652][  0]LogUObjectArray: CloseDisregardForGC: 0/0 objects in disregard for GC pool
[2019.04.01-17.58.55:647][  0]LogTcpMessaging: Initializing TcpMessaging bridge
[2019.04.01-17.58.55:661][  0]LogUdpMessaging: Initializing bridge on interface 0.0.0.0:0 to multicast group 230.0.0.1:6666.
[2019.04.01-17.58.56:418][  0]SourceControl: Source control is disabled
[2019.04.01-17.58.56:419][  0]SourceControl: Source control is disabled
[2019.04.01-17.58.56:420][  0]SourceControl: Source control is disabled
[2019.04.01-17.58.56:421][  0]SourceControl: Source control is disabled
[2019.04.01-17.58.56:594][  0]LogAndroidPermission: UAndroidPermissionCallbackProxy::GetInstance
[2019.04.01-17.58.56:673][  0]LogOcInput: OculusInput pre-init called
[2019.04.01-17.58.56:816][  0]LogEngine: Initializing Engine...
[2019.04.01-17.58.56:816][  0]LogHMD: Failed to initialize OpenVR with code 110
[2019.04.01-17.58.56:819][  0]LogStats: UGameplayTagsManager::ConstructGameplayTagTree: ImportINI prefixes -  0.000 s
[2019.04.01-17.58.56:819][  0]LogStats: UGameplayTagsManager::ConstructGameplayTagTree: Construct from data asset -  0.000 s
[2019.04.01-17.58.56:819][  0]LogStats: UGameplayTagsManager::ConstructGameplayTagTree: ImportINI -  0.000 s
[2019.04.01-17.58.56:819][  0]LogStats: UGameplayTagsManager::ConstructGameplayTagTree: GameplayTagTreeChangedEvent.Broadcast -  0.000 s
[2019.04.01-17.58.57:128][  0]LogInit: Initializing FReadOnlyCVARCache
[2019.04.01-17.58.57:146][  0]LogAIModule: Creating AISystem for world Untitled
[2019.04.01-17.58.57:166][  0]LogInit: XAudio2 using 'Speakers (Conexant ISST Audio)' : 2 channels at 48 kHz using 32 bits per sample (channel mask 0x3)
[2019.04.01-17.58.57:401][  0]LogInit: FAudioDevice initialized.
[2019.04.01-17.58.57:402][  0]LogNetVersion: Set ProjectVersion to 1.0.0.0. Version Checksum will be recalculated on next use.
[2019.04.01-17.58.57:464][  0]LogDerivedDataCache: Saved boot cache 0.06s 71MB C:/Users/Matth/AppData/Local/UnrealEngine/4.21/DerivedDataCache/Boot.ddc.
[2019.04.01-17.58.57:481][  0]LogInit: Texture streaming: Enabled
[2019.04.01-17.58.57:498][  0]LogEngineSessionManager: EngineSessionManager initialized
[2019.04.01-17.58.57:514][  0]LogInit: Transaction tracking system initialized
[2019.04.01-17.58.57:536][  0]BlueprintLog: New page: Editor Load
[2019.04.01-17.58.57:620][  0]LocalizationService: Localization service is disabled
[2019.04.01-17.58.58:134][  0]LogFileCache: Scanning file cache for directory 'C:/Users/Matth/OneDrive/Documents/GitHub/DogDaysOfFall_New/DogDaysOfFall/Content/' took 0.02s
[2019.04.01-17.58.58:134][  0]LogCook: Display: Max memory allowance for cook 16384mb min free memory 0mb
[2019.04.01-17.58.58:134][  0]LogCook: Display: Mobile HDR setting 1
[2019.04.01-17.58.58:134][  0]LogGameplayTags: Display: UGameplayTagsManager::DoneAddingNativeTags. DelegateIsBound: 0
[2019.04.01-17.58.58:134][  0]LogStats: UGameplayTagsManager::ConstructGameplayTagTree: ImportINI prefixes -  0.000 s
[2019.04.01-17.58.58:134][  0]LogStats: UGameplayTagsManager::ConstructGameplayTagTree: Construct from data asset -  0.000 s
[2019.04.01-17.58.58:134][  0]LogStats: UGameplayTagsManager::ConstructGameplayTagTree: ImportINI -  0.000 s
[2019.04.01-17.58.58:134][  0]LogStats: UGameplayTagsManager::ConstructGameplayTagTree: GameplayTagTreeChangedEvent.Broadcast -  0.000 s
[2019.04.01-17.58.58:286][  0]SourceControl: Source control is disabled
[2019.04.01-17.58.58:287][  0]Cmd: MAP LOAD FILE="../../../../../../Users/Matth/OneDrive/Documents/GitHub/DogDaysOfFall_New/DogDaysOfFall/Content/Scenes/Alley.umap" TEMPLATE=0 SHOWPROGRESS=1 FEATURELEVEL=3
[2019.04.01-17.58.58:287][  0]LightingResults: New page: Lighting Build
[2019.04.01-17.58.58:289][  0]MapCheck: New page: Map Check
[2019.04.01-17.58.58:289][  0]LightingResults: New page: Lighting Build
[2019.04.01-17.58.58:873][  0]LogAIModule: Creating AISystem for world Alley
[2019.04.01-17.58.58:885][  0]LogEditorServer: Finished looking for orphan Actors (0.000 secs)
[2019.04.01-17.58.58:913][  0]Cmd: MAP CHECKDEP NOCLEARLOG
[2019.04.01-17.58.58:914][  0]MapCheck: Map check complete: 0 Error(s), 0 Warning(s), took 0.204ms to complete.
[2019.04.01-17.58.58:914][  0]LogFileHelpers: Loading map 'Alley' took 0.628
[2019.04.01-17.58.59:034][  0]LogSlate: Updating window title bar state: overlay mode, drag disabled, window buttons hidden, title bar hidden
[2019.04.01-17.58.59:037][  0]LogSlate: Updating window title bar state: overlay mode, drag disabled, window buttons hidden, title bar hidden
[2019.04.01-17.58.59:054][  0]LogSlate: Updating window title bar state: overlay mode, drag disabled, window buttons hidden, title bar hidden
[2019.04.01-17.58.59:061][  0]LogSlate: Updating window title bar state: overlay mode, drag disabled, window buttons hidden, title bar hidden
[2019.04.01-17.58.59:067][  0]LogCollectionManager: Loaded 0 collections in 0.001648 seconds
[2019.04.01-17.58.59:085][  0]LogFileCache: Scanning file cache for directory 'C:/Users/Matth/OneDrive/Documents/GitHub/DogDaysOfFall_New/DogDaysOfFall/Saved/Collections/' took 0.01s
[2019.04.01-17.58.59:085][  0]LogFileCache: Scanning file cache for directory 'C:/Users/Matth/OneDrive/Documents/GitHub/DogDaysOfFall_New/DogDaysOfFall/Content/Developers/Matth/Collections/' took 0.00s
[2019.04.01-17.58.59:085][  0]LogFileCache: Scanning file cache for directory 'C:/Users/Matth/OneDrive/Documents/GitHub/DogDaysOfFall_New/DogDaysOfFall/Content/Collections/' took 0.00s
[2019.04.01-17.58.59:085][  0]LogCollectionManager: Rebuilt the GUID cache for 0 collections in 0.000000 seconds
[2019.04.01-17.58.59:093][  0]LogContentBrowser: Native class hierarchy populated in 0.0080 seconds. Added 2651 classes and 620 folders.
[2019.04.01-17.58.59:099][  0]LogContentBrowser: Native class hierarchy updated for 'WidgetCarousel' in 0.0003 seconds. Added 0 classes and 0 folders.
[2019.04.01-17.58.59:101][  0]LogPakFile: Registered encryption key '00000000000000000000000000000000': 0 pak files mounted, 0 remain pending
[2019.04.01-17.58.59:101][  0]LogPakFile: Registered encryption key '00000000000000000000000000000000': 0 pak files mounted, 0 remain pending
[2019.04.01-17.58.59:102][  0]LogPakFile: Registered encryption key '00000000000000000000000000000000': 0 pak files mounted, 0 remain pending
[2019.04.01-17.58.59:102][  0]LogPakFile: Registered encryption key '00000000000000000000000000000000': 0 pak files mounted, 0 remain pending
[2019.04.01-17.58.59:103][  0]LogPakFile: Registered encryption key '00000000000000000000000000000000': 0 pak files mounted, 0 remain pending
[2019.04.01-17.58.59:103][  0]LogPakFile: Registered encryption key '00000000000000000000000000000000': 0 pak files mounted, 0 remain pending
[2019.04.01-17.58.59:103][  0]LogPakFile: Registered encryption key '00000000000000000000000000000000': 0 pak files mounted, 0 remain pending
[2019.04.01-17.58.59:104][  0]LogPakFile: Registered encryption key '00000000000000000000000000000000': 0 pak files mounted, 0 remain pending
[2019.04.01-17.58.59:104][  0]LogPakFile: Registered encryption key '00000000000000000000000000000000': 0 pak files mounted, 0 remain pending
[2019.04.01-17.58.59:104][  0]LogPakFile: Registered encryption key '00000000000000000000000000000000': 0 pak files mounted, 0 remain pending
[2019.04.01-17.58.59:104][  0]LogPakFile: Registered encryption key '00000000000000000000000000000000': 0 pak files mounted, 0 remain pending
[2019.04.01-17.58.59:106][  0]LogPakFile: Registered encryption key '00000000000000000000000000000000': 0 pak files mounted, 0 remain pending
[2019.04.01-17.58.59:106][  0]LogPakFile: Registered encryption key '00000000000000000000000000000000': 0 pak files mounted, 0 remain pending
[2019.04.01-17.58.59:106][  0]LogPakFile: Registered encryption key '00000000000000000000000000000000': 0 pak files mounted, 0 remain pending
[2019.04.01-17.58.59:107][  0]LogPakFile: Registered encryption key '00000000000000000000000000000000': 0 pak files mounted, 0 remain pending
[2019.04.01-17.58.59:107][  0]LogPakFile: Registered encryption key '00000000000000000000000000000000': 0 pak files mounted, 0 remain pending
[2019.04.01-17.58.59:109][  0]LogPakFile: Registered encryption key '00000000000000000000000000000000': 0 pak files mounted, 0 remain pending
[2019.04.01-17.58.59:109][  0]LogPakFile: Registered encryption key '00000000000000000000000000000000': 0 pak files mounted, 0 remain pending
[2019.04.01-17.58.59:110][  0]LogPakFile: Registered encryption key '00000000000000000000000000000000': 0 pak files mounted, 0 remain pending
[2019.04.01-17.58.59:110][  0]LogPakFile: Registered encryption key '00000000000000000000000000000000': 0 pak files mounted, 0 remain pending
[2019.04.01-17.58.59:112][  0]LogPakFile: Registered encryption key '00000000000000000000000000000000': 0 pak files mounted, 0 remain pending
[2019.04.01-17.58.59:112][  0]LogPakFile: Registered encryption key '00000000000000000000000000000000': 0 pak files mounted, 0 remain pending
[2019.04.01-17.58.59:113][  0]LogPakFile: Registered encryption key '00000000000000000000000000000000': 0 pak files mounted, 0 remain pending
[2019.04.01-17.58.59:113][  0]LogPakFile: Registered encryption key '00000000000000000000000000000000': 0 pak files mounted, 0 remain pending
[2019.04.01-17.58.59:113][  0]LogPakFile: Registered encryption key '00000000000000000000000000000000': 0 pak files mounted, 0 remain pending
[2019.04.01-17.58.59:113][  0]LogPakFile: Registered encryption key '00000000000000000000000000000000': 0 pak files mounted, 0 remain pending
[2019.04.01-17.58.59:158][  0]LogContentBrowser: Native class hierarchy updated for 'AddContentDialog' in 0.0002 seconds. Added 0 classes and 0 folders.
[2019.04.01-17.58.59:163][  0]LogContentBrowser: Native class hierarchy updated for 'SceneOutliner' in 0.0003 seconds. Added 1 classes and 2 folders.
[2019.04.01-17.58.59:182][  0]LogSlate: Took 0.000267 seconds to synchronously load lazily loaded font '../../../Engine/Content/Slate/Fonts/Roboto-Regular.ttf' (155K)
[2019.04.01-17.58.59:187][  0]LogSlate: Took 0.001539 seconds to synchronously load lazily loaded font '../../../Engine/Content/Slate/Fonts/Roboto-Bold.ttf' (160K)
[2019.04.01-17.58.59:193][  0]LogSlate: Took 0.000198 seconds to synchronously load lazily loaded font '../../../Engine/Content/Editor/Slate/Fonts/FontAwesome.ttf' (139K)
[2019.04.01-17.58.59:380][  0]LogContentBrowser: Native class hierarchy updated for 'HierarchicalLODOutliner' in 0.0003 seconds. Added 0 classes and 0 folders.
[2019.04.01-17.58.59:380][  0]LogLoad: (Engine Initialization) Total time: 10.70 seconds
[2019.04.01-17.58.59:380][  0]LogLoad: (Engine Initialization) Total Blueprint compile time: 0.00 seconds
[2019.04.01-17.58.59:404][  0]LogWindowsTextInputMethodSystem: Display: IME system now deactivated.
[2019.04.01-17.58.59:447][  0]LogAssetRegistry: Asset discovery search completed in 6.0829 seconds
[2019.04.01-17.58.59:452][  0]LogCollectionManager: Rebuilt the object cache for 0 collections in 0.000002 seconds (found 0 objects)
[2019.04.01-17.58.59:452][  0]LogCollectionManager: Fixed up redirectors for 0 collections in 0.000120 seconds (updated 0 objects)
[2019.04.01-17.58.59:454][  0]LogContentStreaming: Texture pool size now 1000 MB
[2019.04.01-17.58.59:578][  1]LogRenderer: Reallocating scene render targets to support 1160x508 Format 10 NumSamples 1 (Frame:1).
[2019.04.01-17.59.02:319][153]LogSlate: FSceneViewport::OnFocusLost() reason 0
[2019.04.01-18.00.21:136][574]LogSlate: Window 'New Level' being destroyed
[2019.04.01-18.00.32:292][239]LogSlate: FSceneViewport::OnFocusLost() reason 2
[2019.04.01-18.00.33:682][322]LogSlate: FSceneViewport::OnFocusLost() reason 2
[2019.04.01-18.00.44:513][322]LogSlate: Window 'New Level' being destroyed
[2019.04.01-18.00.44:520][322]LightingResults: New page: Lighting Build
[2019.04.01-18.00.44:521][322]MapCheck: New page: Map Check
[2019.04.01-18.00.44:521][322]LightingResults: New page: Lighting Build
[2019.04.01-18.00.44:550][322]LogAIModule: Creating AISystem for world Untitled
[2019.04.01-18.00.44:554][322]LoadErrors: New page: New Map
[2019.04.01-18.00.44:784][336]LogEditorViewport: Clicking Background
[2019.04.01-18.06.04:446][478]LogSlate: FSceneViewport::OnFocusLost() reason 0
[2019.04.01-18.06.09:279][ 20]Cmd: BRUSH ADD SELECTNEWBRUSH
[2019.04.01-18.08.02:806][794]LogInit: XAudio2 using 'Headphones (Conexant ISST Audio)' : 2 channels at 48 kHz using 32 bits per sample (channel mask 0x3)
[2019.04.01-18.08.02:997][795]LogAudio: Warning: Current Audio Device with ID {0.0.0.00000000}.{3db0b4b2-5232-4642-93eb-a054a00228fd} was removed. Shutting down audio device.
[2019.04.01-18.08.03:095][795]LogInit: XAudio2 using 'Headphones (Conexant ISST Audio)' : 2 channels at 48 kHz using 32 bits per sample (channel mask 0x3)
[2019.04.01-18.08.03:431][796]LogInit: XAudio2 using 'Headphones (Conexant ISST Audio)' : 2 channels at 48 kHz using 32 bits per sample (channel mask 0x3)
[2019.04.01-18.08.41:471][910]LogEditorViewport: Clicking Background
[2019.04.01-18.08.54:169][310]LogSlate: FSceneViewport::OnFocusLost() reason 0
[2019.04.01-18.08.59:100][817]LogSlate: FSceneViewport::OnFocusLost() reason 0
[2019.04.01-18.09.12:530][129]LogSlate: FSceneViewport::OnFocusLost() reason 0
[2019.04.01-18.09.12:657][144]MapCheck: New page: Map Check
[2019.04.01-18.09.12:683][144]Cmd: MAP REBUILD ALLVISIBLE
[2019.04.01-18.09.12:683][144]LogEditorServer: Rebuildmap Clear paths rebuilt
[2019.04.01-18.09.12:727][144]TextureStreamingBuild: Display: Build Texture Streaming took 0.005 seconds.
[2019.04.01-18.09.12:750][144]LightingResults: New page: Lighting Build - Apr 1, 2019, 10:09:12 AM
[2019.04.01-18.09.12:795][144]LogSwarmInterface: [OpenConnection] Registering TCP channel ...
[2019.04.01-18.09.12:934][144]LogSwarmInterface: [OpenConnection] Connecting to agent ...
[2019.04.01-18.09.12:948][144]LogSwarmInterface: [TryOpenConnection] Testing the Agent
[2019.04.01-18.09.13:459][144]LogSwarmInterface: [TryOpenConnection] Opening Connection to Agent
[2019.04.01-18.09.13:459][144]LogSwarmInterface: [TryOpenConnection] Local Process ID is 4944
[2019.04.01-18.09.20:862][144]LogStaticLightingSystem: Warning: No importance volume found, so the scene bounding box was used.  You can optimize your scene's quality and lighting build times by adding importance volumes.
[2019.04.01-18.09.20:862][144]LogStaticLightingSystem: Running Lightmass w/ ImmediateImport mode ENABLED
[2019.04.01-18.09.20:862][144]LogStaticLightingSystem: Running Lightmass w/ ImmediateProcess mode ENABLED
[2019.04.01-18.09.20:862][144]LogStaticLightingSystem: Running Lightmass w/ Sorting mode ENABLED
[2019.04.01-18.09.20:862][144]LogStaticLightingSystem: Running Lightmass w/ Mapping paddings ENABLED
[2019.04.01-18.09.20:862][144]LogStaticLightingSystem: Running Lightmass w/ Mapping debug paddings DISABLED
[2019.04.01-18.09.21:048][144]Cmd: MAP CHECK DONTDISPLAYDIALOG
[2019.04.01-18.09.21:048][144]MapCheck: New page: Untitled_1 - Apr 1, 2019, 10:09:21 AM
[2019.04.01-18.09.21:049][144]MapCheck: Map check complete: 0 Error(s), 0 Warning(s), took 0.831ms to complete.
[2019.04.01-18.09.21:071][144]LogEditorBuildUtils: Build time 0:08
[2019.04.01-18.09.23:006][150]Job is a success!
[2019.04.01-18.09.23:352][151]LogSlate: Took 0.004514 seconds to synchronously load lazily loaded font '../../../Engine/Content/Slate/Fonts/Roboto-Light.ttf' (167K)
[2019.04.01-18.09.23:423][151]LogVolumetricLightmapImport: Imported Volumetric Lightmap in 0.011s
[2019.04.01-18.09.23:423][151]LogVolumetricLightmapImport:      Indirection Texture 16x16x16 = 0.0Mb
[2019.04.01-18.09.23:423][151]LogVolumetricLightmapImport:      BrickData 30x5x5 = 0.0Mb
[2019.04.01-18.09.23:423][151]LogVolumetricLightmapImport:      Bricks at Level
[2019.04.01-18.09.23:423][151]LogVolumetricLightmapImport:          0: 16.7% covering 100.0% of volume
[2019.04.01-18.09.23:423][151]LogVolumetricLightmapImport:          1: 16.7% covering 1.6% of volume
[2019.04.01-18.09.23:423][151]LogVolumetricLightmapImport:          2: 66.7% covering 0.1% of volume
[2019.04.01-18.09.23:467][151]LogTexture: Display: Building textures: HQ_Lightmap0_1 (AutoDXT, 256X256)
[2019.04.01-18.09.23:467][151]LogTexture: Display: Building textures: LQ_Lightmap_0_1 (DXT1, 256X256)
[2019.04.01-18.09.23:467][151]LogTexture: Display: Building textures: ShadowMapTexture2D_0 (G8, 32X128)
[2019.04.01-18.09.23:508][151]Lightmass on MATTS-BEEFY-BOI: 1.65 sec total, 153 ms importing, 39 ms setup, 390 ms photons, 1.05 sec processing, 0 ms extra exporting [6/6 mappings]. Threads: 7.20 sec total, 24 ms processing.
[2019.04.01-18.09.23:550][151]LogStaticLightingSystem: Illumination: 10.4 sec (8 ms encoding lightmaps, 8 ms encoding shadowmaps)
[2019.04.01-18.09.23:550][151]LogStaticLightingSystem: Lightmap texture memory:  0.1 MB (0.0 MB streaming, 0.1 MB non-streaming), 2 textures
[2019.04.01-18.09.23:550][151]LogStaticLightingSystem: Shadowmap texture memory: 0.0 MB (0.0 MB streaming, 0.0 MB non-streaming), 1 textures
[2019.04.01-18.09.23:865][151]DumpUnbuiltLightIteractions
[2019.04.01-18.09.23:865][151]Lights with unbuilt interactions: 0
[2019.04.01-18.09.23:865][151]
[2019.04.01-18.09.23:865][151]Primitives with unbuilt interactions: 0
[2019.04.01-18.09.23:898][152]Cmd: MAP CHECK NOTIFYRESULTS
[2019.04.01-18.09.23:898][152]MapCheck: New page: Untitled_1 - Apr 1, 2019, 10:09:23 AM
[2019.04.01-18.09.23:898][152]MapCheck: Map check complete: 0 Error(s), 0 Warning(s), took 0.389ms to complete.
[2019.04.01-18.10.00:012][263]LogEditorViewport: Clicking Background
[2019.04.01-18.10.12:891][640]LogSlate: FSceneViewport::OnFocusLost() reason 0
[2019.04.01-18.10.14:190][766]LogActorFactory: Actor Factory created Fred
[2019.04.01-18.10.14:865][825]LogActorFactory: Actor Factory created Fred
[2019.04.01-18.10.40:897][402]Cmd: EDIT COPY
[2019.04.01-18.10.41:357][449]Cmd: EDIT PASTE
[2019.04.01-18.10.46:072][912]Cmd: TRANSACTION UNDO
[2019.04.01-18.10.46:072][912]LogEditorTransaction: Undo Move Actors
[2019.04.01-18.10.48:607][146]Cmd: TRANSACTION UNDO
[2019.04.01-18.10.48:607][146]LogEditorTransaction: Undo Move Actors
[2019.04.01-18.11.05:243][691]LogEditorViewport: Clicking on Actor (LMB): StaticMeshActor (Fred)
[2019.04.01-18.11.29:572][970]Cmd: DELETE
[2019.04.01-18.11.29:572][970]Cmd: ACTOR DELETE
[2019.04.01-18.11.29:579][970]LogEditorActor: Deleted Actor: Brush
[2019.04.01-18.11.29:606][970]LogEditorActor: Deleted 1 Actors (0.033 secs)
[2019.04.01-18.11.51:373][139]LogEditorViewport: Clicking on Actor (LMB): StaticMeshActor (Fred18)
[2019.04.01-18.12.00:783][985]LogEditorViewport: Clicking on Actor (LMB): StaticMeshActor (Fred)
[2019.04.01-18.12.01:398][ 34]Cmd: TRANSACTION UNDO
[2019.04.01-18.12.01:399][ 34]LogEditorTransaction: Undo Clicking on Actors
[2019.04.01-18.12.01:744][ 55]Cmd: TRANSACTION UNDO
[2019.04.01-18.12.01:744][ 55]LogEditorTransaction: Undo Rotate Actors
[2019.04.01-18.12.33:089][ 25]Cmd: TRANSACTION UNDO
[2019.04.01-18.12.33:089][ 25]LogEditorTransaction: Undo Scale Actors
[2019.04.01-18.12.34:460][119]LogEditorViewport: Clicking Background
[2019.04.01-18.12.48:698][348]LogEditorViewport: Clicking Background
[2019.04.01-18.12.53:066][787]LogSlate: FSceneViewport::OnFocusLost() reason 0
[2019.04.01-18.13.04:863][767]LogSlate: FSceneViewport::OnFocusLost() reason 0
[2019.04.01-18.13.22:395][233]LogSlate: FSceneViewport::OnFocusLost() reason 0
[2019.04.01-18.14.06:412][ 53]LogSlate: FSceneViewport::OnFocusLost() reason 0
[2019.04.01-18.14.35:072][537]LogEditorViewport: Clicking Background
[2019.04.01-18.14.40:042][982]LogSlate: FSceneViewport::OnFocusLost() reason 2
[2019.04.01-18.14.43:187][276]LogSlate: FSceneViewport::OnFocusLost() reason 2
[2019.04.01-18.14.45:497][276]LogSlate: Took 0.000174 seconds to synchronously load lazily loaded font '../../../Engine/Content/Slate/Fonts/Roboto-Light.ttf' (167K)
[2019.04.01-18.14.54:675][276]LogSlate: Window 'Save Level As' being destroyed
[2019.04.01-18.14.54:695][276]LogSlate: FSceneViewport::OnFocusLost() reason 2
[2019.04.01-18.14.54:804][276]LogSavePackage: Moving '../../../../../../Users/Matth/OneDrive/Documents/GitHub/DogDaysOfFall_New/DogDaysOfFall/Saved/Garage_day8F6576F542A3C916C18F2489C00D537B.tmp' to '../../../../../../Users/Matth/OneDrive/Documents/GitHub/DogDaysOfFall_New/DogDaysOfFall/Content/Scenes/Garage_day.umap'
[2019.04.01-18.14.54:866][276]LogSavePackage: Moving '../../../../../../Users/Matth/OneDrive/Documents/GitHub/DogDaysOfFall_New/DogDaysOfFall/Saved/Garage_day_BuiltDataB63761DD4B510B2686C5088E34025D5A.tmp' to '../../../../../../Users/Matth/OneDrive/Documents/GitHub/DogDaysOfFall_New/DogDaysOfFall/Content/Scenes/Garage_day_BuiltData.uasset'
[2019.04.01-18.14.54:876][276]LogFileHelpers: Saving map 'Garage_day' took 0.190
[2019.04.01-18.14.54:878][276]Cmd: MAP LOAD FILE="../../../../../../Users/Matth/OneDrive/Documents/GitHub/DogDaysOfFall_New/DogDaysOfFall/Content/Scenes/Garage_day.umap" TEMPLATE=0 SHOWPROGRESS=1 FEATURELEVEL=3
[2019.04.01-18.14.54:887][276]LogSlate: FSceneViewport::OnFocusLost() reason 2
[2019.04.01-18.14.54:902][276]LightingResults: New page: Lighting Build
[2019.04.01-18.14.54:903][276]LoadErrors: New page: Loading map: Garage_day.umap
[2019.04.01-18.14.54:906][276]MapCheck: New page: Map Check
[2019.04.01-18.14.54:906][276]LightingResults: New page: Lighting Build
[2019.04.01-18.14.54:960][276]LogAIModule: Creating AISystem for world Garage_day
[2019.04.01-18.14.54:971][276]LogEditorServer: Finished looking for orphan Actors (0.000 secs)
[2019.04.01-18.14.55:036][276]Cmd: MAP CHECKDEP NOCLEARLOG
[2019.04.01-18.14.55:036][276]MapCheck: Map check complete: 0 Error(s), 0 Warning(s), took 0.14ms to complete.
[2019.04.01-18.14.55:036][276]LogFileHelpers: Loading map 'Garage_day' took 0.160
[2019.04.01-18.14.58:282][589]LogSlate: FSceneViewport::OnFocusLost() reason 0
[2019.04.01-18.15.02:788][  2]Cmd: DELETE
[2019.04.01-18.15.02:789][  2]Cmd: ACTOR DELETE
[2019.04.01-18.15.02:798][  2]LogEditorActor: Deleted Actor: Brush
[2019.04.01-18.15.02:828][  2]LogEditorActor: Deleted 1 Actors (0.039 secs)
[2019.04.01-18.15.03:618][ 85]LogEditorViewport: Clicking on Actor (LMB): LightmassImportanceVolume (LightmassImportanceVolume)
[2019.04.01-18.15.04:887][198]Cmd: TRANSACTION UNDO
[2019.04.01-18.15.04:887][198]LogEditorTransaction: Undo Clicking on Actors
[2019.04.01-18.15.05:103][215]Cmd: TRANSACTION UNDO
[2019.04.01-18.15.05:104][215]LogEditorTransaction: Undo Delete Actors
[2019.04.01-18.15.10:990][693]LogSlate: FSceneViewport::OnFocusLost() reason 0
[2019.04.01-18.15.13:352][881]Cmd: BRUSH ADD SELECTNEWBRUSH
[2019.04.01-18.15.34:620][703]LogEditorViewport: Clicking Background
[2019.04.01-18.16.05:430][308]Cmd: DELETE
[2019.04.01-18.16.05:430][308]Cmd: ACTOR DELETE
[2019.04.01-18.16.05:433][308]LogEditorActor: Deleted Actor: Brush
[2019.04.01-18.16.05:461][308]LogEditorActor: Deleted 1 Actors (0.030 secs)
[2019.04.01-18.16.25:702][173]Cmd: TRANSACTION UNDO
[2019.04.01-18.16.25:702][173]LogEditorTransaction: Undo Scale Actors
[2019.04.01-18.16.37:221][144]LogSlate: FSceneViewport::OnFocusLost() reason 2
[2019.04.01-18.17.46:298][665]LogSlate: FSceneViewport::OnFocusLost() reason 0
[2019.04.01-18.17.46:358][672]MapCheck: New page: Map Check
[2019.04.01-18.17.46:384][672]Cmd: MAP REBUILD ALLVISIBLE
[2019.04.01-18.17.46:385][672]LogEditorServer: Rebuildmap Clear paths rebuilt
[2019.04.01-18.17.46:441][672]LogMaterial: Display: Missing cached shader map for material FDebugViewModeMaterialProxy WorldGridMaterial, compiling. Is special engine material.
[2019.04.01-18.17.46:452][672]LogShaderCompilers: Display: Shaders left to compile 1
[2019.04.01-18.17.46:452][672]LogMaterial: Display: Missing cached shader map for material FDebugViewModeMaterialProxy Fred_skin, compiling. 
[2019.04.01-18.17.46:964][672]LogShaderCompilers: Display: Shaders left to compile 1
[2019.04.01-18.17.46:964][672]TextureStreamingBuild: Display: Compiling optional shaders took 0.532 seconds.
[2019.04.01-18.17.46:966][672]LogLevel: Display: Export Material TexCoord Scales took 0.002 seconds.
[2019.04.01-18.17.46:984][672]TextureStreamingBuild: Display: Build Texture Streaming took 0.017 seconds.
[2019.04.01-18.17.47:009][672]LightingResults: New page: Lighting Build - Apr 1, 2019, 10:17:47 AM
[2019.04.01-18.17.47:018][672]LogSwarmInterface: [OpenConnection] Registering TCP channel ...
[2019.04.01-18.17.47:025][672]LogSwarmInterface: [OpenConnection] Connecting to agent ...
[2019.04.01-18.17.47:025][672]LogSwarmInterface: [TryOpenConnection] Testing the Agent
[2019.04.01-18.17.47:026][672]LogSwarmInterface: [TryOpenConnection] Opening Connection to Agent
[2019.04.01-18.17.47:026][672]LogSwarmInterface: [TryOpenConnection] Local Process ID is 4944
[2019.04.01-18.17.51:558][672]LogStaticLightingSystem: Running Lightmass w/ ImmediateImport mode ENABLED
[2019.04.01-18.17.51:558][672]LogStaticLightingSystem: Running Lightmass w/ ImmediateProcess mode ENABLED
[2019.04.01-18.17.51:558][672]LogStaticLightingSystem: Running Lightmass w/ Sorting mode ENABLED
[2019.04.01-18.17.51:558][672]LogStaticLightingSystem: Running Lightmass w/ Mapping paddings ENABLED
[2019.04.01-18.17.51:558][672]LogStaticLightingSystem: Running Lightmass w/ Mapping debug paddings DISABLED
[2019.04.01-18.17.51:732][672]Cmd: MAP CHECK DONTDISPLAYDIALOG
[2019.04.01-18.17.51:732][672]MapCheck: New page: Garage_day - Apr 1, 2019, 10:17:51 AM
[2019.04.01-18.17.51:732][672]MapCheck: Error: WorldSettings Maps need lighting rebuilt 
[2019.04.01-18.17.51:733][672]MapCheck: Map check complete: 1 Error(s), 0 Warning(s), took 1.334ms to complete.
[2019.04.01-18.17.51:757][672]LogEditorBuildUtils: Build time 0:05
[2019.04.01-18.17.54:381][680]Job is a success!
[2019.04.01-18.17.54:791][681]LogVolumetricLightmapImport: Imported Volumetric Lightmap in 0.011s
[2019.04.01-18.17.54:791][681]LogVolumetricLightmapImport:      Indirection Texture 16x16x16 = 0.0Mb
[2019.04.01-18.17.54:791][681]LogVolumetricLightmapImport:      BrickData 30x5x5 = 0.0Mb
[2019.04.01-18.17.54:791][681]LogVolumetricLightmapImport:      Bricks at Level
[2019.04.01-18.17.54:791][681]LogVolumetricLightmapImport:          0: 16.7% covering 100.0% of volume
[2019.04.01-18.17.54:791][681]LogVolumetricLightmapImport:          1: 16.7% covering 1.6% of volume
[2019.04.01-18.17.54:791][681]LogVolumetricLightmapImport:          2: 66.7% covering 0.1% of volume
[2019.04.01-18.17.54:890][681]LogTexture: Display: Building textures: LQ_Lightmap_1_1 (DXT1, 512X512)
[2019.04.01-18.17.54:890][681]LogTexture: Display: Building textures: HQ_Lightmap1_1 (AutoDXT, 512X512)
[2019.04.01-18.17.54:890][681]LogTexture: Display: Building textures: HQ_Lightmap0_2 (AutoDXT, 512X512)
[2019.04.01-18.17.54:890][681]LogTexture: Display: Building textures: LQ_Lightmap_0_2 (DXT1, 512X512)
[2019.04.01-18.17.54:890][681]LogTexture: Display: Building textures: ShadowMapTexture2D_1 (BGRA8, 256X256)
[2019.04.01-18.17.54:910][681]Lightmass on MATTS-BEEFY-BOI: 2.43 sec total, 174 ms importing, 156 ms setup, 691 ms photons, 1.40 sec processing, 0 ms extra exporting [66/66 mappings]. Threads: 9.64 sec total, 2.58 sec processing.
[2019.04.01-18.17.54:944][681]LogStaticLightingSystem: Illumination: 7.59 sec (44 ms encoding lightmaps, 22 ms encoding shadowmaps)
[2019.04.01-18.17.54:944][681]LogStaticLightingSystem: Lightmap texture memory:  1.0 MB (0.5 MB streaming, 0.5 MB non-streaming), 4 textures
[2019.04.01-18.17.54:945][681]LogStaticLightingSystem: Shadowmap texture memory: 0.3 MB (0.0 MB streaming, 0.3 MB non-streaming), 1 textures
[2019.04.01-18.17.55:571][681]DumpUnbuiltLightIteractions
[2019.04.01-18.17.55:571][681]Lights with unbuilt interactions: 0
[2019.04.01-18.17.55:571][681]
[2019.04.01-18.17.55:571][681]Primitives with unbuilt interactions: 0
[2019.04.01-18.17.55:679][682]Cmd: MAP CHECK NOTIFYRESULTS
[2019.04.01-18.17.55:679][682]MapCheck: New page: Garage_day - Apr 1, 2019, 10:17:55 AM
[2019.04.01-18.17.55:680][682]MapCheck: Map check complete: 0 Error(s), 0 Warning(s), took 1.623ms to complete.
[2019.04.01-18.24.57:460][ 40]LogSavePackage: Moving '../../../../../../Users/Matth/OneDrive/Documents/GitHub/DogDaysOfFall_New/DogDaysOfFall/Saved/Garage_day_Auto1500D8AE945185A509FB2959F7A83365A.tmp' to '../../../../../../Users/Matth/OneDrive/Documents/GitHub/DogDaysOfFall_New/DogDaysOfFall/Saved/Autosaves/Game/Scenes/Garage_day_Auto1.umap'
[2019.04.01-18.24.57:463][ 40]LogFileHelpers: Editor autosave (incl. sublevels) for '/Game/Scenes/Garage_day' took 0.117
[2019.04.01-18.24.57:463][ 40]LogFileHelpers: Editor autosave (incl. sublevels) for all levels took 0.117
[2019.04.01-18.30.17:641][ 85]LogSlate: Window 'Message Log' being destroyed
[2019.04.01-18.30.17:651][ 85]LogSlate: Window 'Message Log' being destroyed
[2019.04.01-18.30.59:162][249]LogSlate: FSceneViewport::OnFocusLost() reason 2
[2019.04.01-18.31.37:038][929]LogEditorViewport: Clicking Background
[2019.04.01-18.31.50:240][263]LogEditorViewport: Clicking Background
[2019.04.01-18.35.34:377][431]LogSavePackage: Moving '../../../../../../Users/Matth/OneDrive/Documents/GitHub/DogDaysOfFall_New/DogDaysOfFall/Saved/Garage_day_Auto2840483644D8C9E1E741FFF8F7225E9A2.tmp' to '../../../../../../Users/Matth/OneDrive/Documents/GitHub/DogDaysOfFall_New/DogDaysOfFall/Saved/Autosaves/Game/Scenes/Garage_day_Auto2.umap'
[2019.04.01-18.35.34:381][431]LogFileHelpers: Editor autosave (incl. sublevels) for '/Game/Scenes/Garage_day' took 0.191
[2019.04.01-18.35.34:381][431]LogFileHelpers: Editor autosave (incl. sublevels) for all levels took 0.191
[2019.04.01-18.37.24:877][220]Cmd: DELETE
[2019.04.01-18.37.24:877][220]Cmd: ACTOR DELETE
[2019.04.01-18.37.24:882][220]LogEditorActor: Deleted Actor: Brush
[2019.04.01-18.37.24:909][220]LogEditorActor: Deleted 1 Actors (0.032 secs)
[2019.04.01-18.38.07:542][547]LogSlate: FSceneViewport::OnFocusLost() reason 0
[2019.04.01-18.38.08:836][557]LogSlate: Window 'Save Content' being destroyed
[2019.04.01-18.38.08:850][557]LogSlate: FSceneViewport::OnFocusLost() reason 2
[2019.04.01-18.38.09:043][557]LogSavePackage: Moving '../../../../../../Users/Matth/OneDrive/Documents/GitHub/DogDaysOfFall_New/DogDaysOfFall/Saved/Garage_dayCE89E0854EC5D4241E49E3951FCE773F.tmp' to '../../../../../../Users/Matth/OneDrive/Documents/GitHub/DogDaysOfFall_New/DogDaysOfFall/Content/Scenes/Garage_day.umap'
[2019.04.01-18.38.09:081][557]LogFileHelpers: Saving map 'Garage_day' took 0.215
[2019.04.01-18.38.09:133][557]LogSavePackage: Moving '../../../../../../Users/Matth/OneDrive/Documents/GitHub/DogDaysOfFall_New/DogDaysOfFall/Saved/Garage_day_BuiltDataBCE70E834319D2E3550DF29B38FAC020.tmp' to '../../../../../../Users/Matth/OneDrive/Documents/GitHub/DogDaysOfFall_New/DogDaysOfFall/Content/Scenes/Garage_day_BuiltData.uasset'
[2019.04.01-18.38.13:127][974]LogSlate: FSceneViewport::OnFocusLost() reason 0
[2019.04.01-18.38.14:921][139]LogSavePackage: Moving '../../../../../../Users/Matth/OneDrive/Documents/GitHub/DogDaysOfFall_New/DogDaysOfFall/Saved/Garage_dayB7304EB741EDE79F30E08D922056FD3C.tmp' to '../../../../../../Users/Matth/OneDrive/Documents/GitHub/DogDaysOfFall_New/DogDaysOfFall/Content/Scenes/Garage_day.umap'
[2019.04.01-18.38.14:998][139]LogSavePackage: Moving '../../../../../../Users/Matth/OneDrive/Documents/GitHub/DogDaysOfFall_New/DogDaysOfFall/Saved/Garage_day_BuiltDataA23701F34C69CFD17C4E408845E0723B.tmp' to '../../../../../../Users/Matth/OneDrive/Documents/GitHub/DogDaysOfFall_New/DogDaysOfFall/Content/Scenes/Garage_day_BuiltData.uasset'
[2019.04.01-18.39.54:437][806]LogEditorViewport: Clicking Background
[2019.04.01-18.40.04:351][938]LogSlate: FSceneViewport::OnFocusLost() reason 0
[2019.04.01-18.40.05:830][951]LogSlate: Window 'Save Content' being destroyed
[2019.04.01-18.40.05:846][951]LogSlate: FSceneViewport::OnFocusLost() reason 2
[2019.04.01-18.40.06:015][951]LogSavePackage: Moving '../../../../../../Users/Matth/OneDrive/Documents/GitHub/DogDaysOfFall_New/DogDaysOfFall/Saved/Garage_dayB571DC1D4E5408952AB462AE2F829147.tmp' to '../../../../../../Users/Matth/OneDrive/Documents/GitHub/DogDaysOfFall_New/DogDaysOfFall/Content/Scenes/Garage_day.umap'
[2019.04.01-18.40.06:049][951]LogFileHelpers: Saving map 'Garage_day' took 0.189
[2019.04.01-18.40.17:125][150]LogSlate: FSceneViewport::OnFocusLost() reason 0
[2019.04.01-18.40.18:698][157]LogSlate: Window 'Save Content' being destroyed
[2019.04.01-18.40.18:711][157]LogSlate: FSceneViewport::OnFocusLost() reason 2
[2019.04.01-18.40.18:875][157]LogSavePackage: Moving '../../../../../../Users/Matth/OneDrive/Documents/GitHub/DogDaysOfFall_New/DogDaysOfFall/Saved/Garage_day5EBE7B5042EDE274292E8D8FF77C94FC.tmp' to '../../../../../../Users/Matth/OneDrive/Documents/GitHub/DogDaysOfFall_New/DogDaysOfFall/Content/Scenes/Garage_day.umap'
[2019.04.01-18.40.18:909][157]LogFileHelpers: Saving map 'Garage_day' took 0.182
[2019.04.01-18.41.18:956][326]LogEditorViewport: Clicking Background
[2019.04.01-18.44.08:246][ 71]LogEditorViewport: Clicking on Actor (LMB): StaticMeshActor (Fred11)
[2019.04.01-18.44.26:384][864]LogSlate: FSceneViewport::OnFocusLost() reason 2
[2019.04.01-18.44.38:892][110]LogEditorViewport: Clicking Background
[2019.04.01-18.45.59:646][582]LogSlate: FSceneViewport::OnFocusLost() reason 0
[2019.04.01-18.46.00:944][595]LogSlate: Window 'Save Content' being destroyed
[2019.04.01-18.46.00:973][595]LogSlate: FSceneViewport::OnFocusLost() reason 2
[2019.04.01-18.46.01:224][595]LogSavePackage: Moving '../../../../../../Users/Matth/OneDrive/Documents/GitHub/DogDaysOfFall_New/DogDaysOfFall/Saved/Garage_dayC3DC6D7B4C56F95B8D094CBE968C7EB4.tmp' to '../../../../../../Users/Matth/OneDrive/Documents/GitHub/DogDaysOfFall_New/DogDaysOfFall/Content/Scenes/Garage_day.umap'
[2019.04.01-18.46.01:265][595]LogFileHelpers: Saving map 'Garage_day' took 0.272
[2019.04.01-18.46.05:406][988]LogSlate: FSceneViewport::OnFocusLost() reason 0
[2019.04.01-18.46.34:079][862]LogSlate: FSceneViewport::OnFocusLost() reason 0
[2019.04.01-18.46.42:893][600]LogSlate: Window 'Select Path' being destroyed
[2019.04.01-18.46.42:942][600]LogStaticMesh: Building static mesh Box_Brush_StaticMesh...
[2019.04.01-18.46.42:947][600]LogStaticMesh: Built static mesh [0.00s] /Game/Art/garage/blockout/Box_Brush_StaticMesh.Box_Brush_StaticMesh
[2019.04.01-18.46.42:952][600]LogActorFactory: Actor Factory created Box_Brush_StaticMesh
[2019.04.01-18.46.42:983][600]LogEditor: Error: Actor 'Brush /Game/Scenes/Garage_day.Garage_day:PersistentLevel.BoxBrush' is marked pending kill and cannot be converted
[2019.04.01-18.46.42:983][600]EditorErrors: New page: Actor Reattachment
[2019.04.01-18.46.48:014][ 98]LogEditorViewport: Clicking on Actor (LMB): StaticMeshActor (Box_Brush_StaticMesh)
[2019.04.01-18.46.49:481][244]Cmd: DELETE
[2019.04.01-18.46.49:481][244]Cmd: ACTOR DELETE
[2019.04.01-18.46.49:483][244]LogEditorActor: Deleted Actor: Brush
[2019.04.01-18.46.49:509][244]LogEditorActor: Deleted 1 Actors (0.029 secs)
[2019.04.01-18.46.52:051][511]LogSlate: FSceneViewport::OnFocusLost() reason 0
[2019.04.01-18.46.58:040][ 12]LogSlate: Window 'Select Path' being destroyed
[2019.04.01-18.46.58:084][ 12]LogStaticMesh: Building static mesh Box_Brush5_StaticMesh...
[2019.04.01-18.46.58:088][ 12]LogStaticMesh: Built static mesh [0.00s] /Game/Art/garage/blockout/Box_Brush5_StaticMesh.Box_Brush5_StaticMesh
[2019.04.01-18.46.58:095][ 12]LogActorFactory: Actor Factory created Box_Brush5_StaticMesh
[2019.04.01-18.46.58:122][ 12]LogEditor: Error: Actor 'Brush /Game/Scenes/Garage_day.Garage_day:PersistentLevel.BoxBrush5' is marked pending kill and cannot be converted
[2019.04.01-18.46.58:122][ 12]EditorErrors: New page: Actor Reattachment
[2019.04.01-18.47.02:719][430]LogSlate: FSceneViewport::OnFocusLost() reason 0
[2019.04.01-18.47.13:459][342]LogSlate: Window 'Select Path' being destroyed
[2019.04.01-18.47.13:504][342]LogStaticMesh: Building static mesh elivator...
[2019.04.01-18.47.13:507][342]LogStaticMesh: Built static mesh [0.00s] /Game/Art/garage/blockout/elivator.elivator
[2019.04.01-18.47.13:512][342]LogActorFactory: Actor Factory created elivator
[2019.04.01-18.47.13:544][342]LogEditor: Error: Actor 'Brush /Game/Scenes/Garage_day.Garage_day:PersistentLevel.BoxBrush3' is marked pending kill and cannot be converted
[2019.04.01-18.47.13:544][342]EditorErrors: New page: Actor Reattachment
[2019.04.01-18.47.17:756][741]LogSlate: FSceneViewport::OnFocusLost() reason 0
[2019.04.01-18.47.28:368][630]LogSlate: Window 'Select Path' being destroyed
[2019.04.01-18.47.28:413][630]LogStaticMesh: Building static mesh roof...
[2019.04.01-18.47.28:415][630]LogStaticMesh: Built static mesh [0.00s] /Game/Art/garage/blockout/roof.roof
[2019.04.01-18.47.28:420][630]LogActorFactory: Actor Factory created roof
[2019.04.01-18.47.28:449][630]LogEditor: Error: Actor 'Brush /Game/Scenes/Garage_day.Garage_day:PersistentLevel.BoxBrush2_4' is marked pending kill and cannot be converted
[2019.04.01-18.47.28:449][630]EditorErrors: New page: Actor Reattachment
[2019.04.01-18.47.30:622][702]LogSlate: Window 'Save Content' being destroyed
[2019.04.01-18.47.30:684][702]LogSavePackage: Moving '../../../../../../Users/Matth/OneDrive/Documents/GitHub/DogDaysOfFall_New/DogDaysOfFall/Saved/Box_Brush5_StaticMeshCFA6ADD8461FAE9C962BE09024A6BCD0.tmp' to '../../../../../../Users/Matth/OneDrive/Documents/GitHub/DogDaysOfFall_New/DogDaysOfFall/Content/Art/garage/blockout/Box_Brush5_StaticMesh.uasset'
[2019.04.01-18.47.30:718][702]LogSavePackage: Moving '../../../../../../Users/Matth/OneDrive/Documents/GitHub/DogDaysOfFall_New/DogDaysOfFall/Saved/Box_Brush_StaticMesh677DB427474A412A44EE07A60A39940E.tmp' to '../../../../../../Users/Matth/OneDrive/Documents/GitHub/DogDaysOfFall_New/DogDaysOfFall/Content/Art/garage/blockout/Box_Brush_StaticMesh.uasset'
[2019.04.01-18.47.30:755][702]LogSavePackage: Moving '../../../../../../Users/Matth/OneDrive/Documents/GitHub/DogDaysOfFall_New/DogDaysOfFall/Saved/elivator0233BFFC4A2C42539C88D4BBFAA88E9B.tmp' to '../../../../../../Users/Matth/OneDrive/Documents/GitHub/DogDaysOfFall_New/DogDaysOfFall/Content/Art/garage/blockout/elivator.uasset'
[2019.04.01-18.47.30:789][702]LogSavePackage: Moving '../../../../../../Users/Matth/OneDrive/Documents/GitHub/DogDaysOfFall_New/DogDaysOfFall/Saved/roofBA5C31624C08F2C323884EB8B8D7EF8B.tmp' to '../../../../../../Users/Matth/OneDrive/Documents/GitHub/DogDaysOfFall_New/DogDaysOfFall/Content/Art/garage/blockout/roof.uasset'
[2019.04.01-18.47.30:949][702]LogSavePackage: Moving '../../../../../../Users/Matth/OneDrive/Documents/GitHub/DogDaysOfFall_New/DogDaysOfFall/Saved/Garage_day109EB37741B80D15089987B841861011.tmp' to '../../../../../../Users/Matth/OneDrive/Documents/GitHub/DogDaysOfFall_New/DogDaysOfFall/Content/Scenes/Garage_day.umap'
[2019.04.01-18.47.30:982][702]LogFileHelpers: Saving map 'Garage_day' took 0.185
[2019.04.01-18.47.42:737][713]LogSavePackage: Moving '../../../../../../Users/Matth/OneDrive/Documents/GitHub/DogDaysOfFall_New/DogDaysOfFall/Saved/piller87EF28BA4D785BFD3E9E6DAE75BBC8AE.tmp' to '../../../../../../Users/Matth/OneDrive/Documents/GitHub/DogDaysOfFall_New/DogDaysOfFall/Content/Art/garage/blockout/piller.uasset'
[2019.04.01-18.47.42:775][713]LogSavePackage: Moving '../../../../../../Users/Matth/OneDrive/Documents/GitHub/DogDaysOfFall_New/DogDaysOfFall/Saved/Box_Brush5_StaticMeshE84139444B30D208E7B52C96B93849BB.tmp' to '../../../../../../Users/Matth/OneDrive/Documents/GitHub/DogDaysOfFall_New/DogDaysOfFall/Content/Art/garage/blockout/Box_Brush5_StaticMesh.uasset'
[2019.04.01-18.47.44:403][851]LogAssetEditorManager: Opening Asset editor for StaticMesh /Game/Art/garage/blockout/Box_Brush_StaticMesh.Box_Brush_StaticMesh
[2019.04.01-18.47.44:975][851]LogRenderer: Reallocating scene render targets to support 1160x608 Format 10 NumSamples 1 (Frame:1).
[2019.04.01-18.47.44:976][851]LogSlate: Took 0.004987 seconds to synchronously load lazily loaded font '../../../Engine/Content/Slate/Fonts/Roboto-Italic.ttf' (157K)
[2019.04.01-18.47.47:159][981]LogSlate: Window 'Box_Brush_StaticMesh' being destroyed
[2019.04.01-18.47.51:159][319]LogSavePackage: Moving '../../../../../../Users/Matth/OneDrive/Documents/GitHub/DogDaysOfFall_New/DogDaysOfFall/Saved/floor000E8BE443775C6D431B3AB2CA5CB23E.tmp' to '../../../../../../Users/Matth/OneDrive/Documents/GitHub/DogDaysOfFall_New/DogDaysOfFall/Content/Art/garage/blockout/floor.uasset'
[2019.04.01-18.47.51:189][319]LogSavePackage: Moving '../../../../../../Users/Matth/OneDrive/Documents/GitHub/DogDaysOfFall_New/DogDaysOfFall/Saved/Box_Brush_StaticMesh1EB82205425389843FCA3DAD0A592596.tmp' to '../../../../../../Users/Matth/OneDrive/Documents/GitHub/DogDaysOfFall_New/DogDaysOfFall/Content/Art/garage/blockout/Box_Brush_StaticMesh.uasset'
[2019.04.01-18.48.29:756][647]LogSlate: Window 'FBX Export Options' being destroyed
[2019.04.01-18.48.29:798][647]LogFbx: Warning: FBX version number for this version of the FBX SDK is 7.5.0


[2019.04.01-18.48.31:863][748]LogSlate: Window 'Save Content' being destroyed
[2019.04.01-18.48.32:053][748]LogSavePackage: Moving '../../../../../../Users/Matth/OneDrive/Documents/GitHub/DogDaysOfFall_New/DogDaysOfFall/Saved/Garage_day1FD6C4F34170D9E3C70E6DA19A338290.tmp' to '../../../../../../Users/Matth/OneDrive/Documents/GitHub/DogDaysOfFall_New/DogDaysOfFall/Content/Scenes/Garage_day.umap'
[2019.04.01-18.48.32:089][748]LogFileHelpers: Saving map 'Garage_day' took 0.197
